Using pre-set license
Built from '2020.3/staging' branch; Version is '2020.3.24f1 (79c78de19888) revision 7980941'; Using compiler version '192528614'; Build Type 'Release'
OS: 'Windows 10  (10.0.19044) 64bit Professional' Language: 'ko' Physical Memory: 16315 MB
BatchMode: 1, IsHumanControllingUs: 0, StartBugReporterOnCrash: 0, Is64bit: 1, IsPro: 0

COMMAND LINE ARGUMENTS:
C:\Program Files\Unity\Hub\Editor\2020.3.24f1\Editor\Unity.exe
-adb2
-batchMode
-noUpm
-name
AssetImportWorker0
-projectPath
C:/Users/CJH/OneDrive/문서/GitHub/NeonSideRain/NeonSideRain
-logFile
Logs/AssetImportWorker0.log
-srvPort
59980
Successfully changed project path to: C:/Users/CJH/OneDrive/문서/GitHub/NeonSideRain/NeonSideRain
C:/Users/CJH/OneDrive/문서/GitHub/NeonSideRain/NeonSideRain
Using Asset Import Pipeline V2.
Refreshing native plugins compatible for Editor in 41.44 ms, found 2 plugins.
Preloading 0 native plugins for Editor in 0.00 ms.
Initialize engine version: 2020.3.24f1 (79c78de19888)
[Subsystems] Discovering subsystems at path C:/Program Files/Unity/Hub/Editor/2020.3.24f1/Editor/Data/Resources/UnitySubsystems
[Subsystems] Discovering subsystems at path C:/Users/CJH/OneDrive/문서/GitHub/NeonSideRain/NeonSideRain/Assets
GfxDevice: creating device client; threaded=0
Direct3D:
    Version:  Direct3D 11.0 [level 11.1]
    Renderer: Radeon RX 5500 XT (ID=0x7340)
    Vendor:   
    VRAM:     8151 MB
    Driver:   31.0.12027.7000
Initialize mono
Mono path[0] = 'C:/Program Files/Unity/Hub/Editor/2020.3.24f1/Editor/Data/Managed'
Mono path[1] = 'C:/Program Files/Unity/Hub/Editor/2020.3.24f1/Editor/Data/MonoBleedingEdge/lib/mono/unityjit'
Mono config path = 'C:/Program Files/Unity/Hub/Editor/2020.3.24f1/Editor/Data/MonoBleedingEdge/etc'
Using monoOptions --debugger-agent=transport=dt_socket,embedding=1,server=y,suspend=n,address=127.0.0.1:56912
Begin MonoManager ReloadAssembly
Registering precompiled unity dll's ...
Register platform support module: C:/Program Files/Unity/Hub/Editor/2020.3.24f1/Editor/Data/PlaybackEngines/WindowsStandaloneSupport/UnityEditor.WindowsStandalone.Extensions.dll
Registered in 0.004029 seconds.
Native extension for WindowsStandalone target not found
Refreshing native plugins compatible for Editor in 38.08 ms, found 2 plugins.
Preloading 0 native plugins for Editor in 0.00 ms.
Mono: successfully reloaded assembly
- Completed reload, in  0.530 seconds
Domain Reload Profiling:
	ReloadAssembly (530ms)
		BeginReloadAssembly (68ms)
			ExecutionOrderSort (0ms)
			DisableScriptedObjects (0ms)
			BackupInstance (0ms)
			ReleaseScriptingObjects (0ms)
			CreateAndSetChildDomain (1ms)
		EndReloadAssembly (387ms)
			LoadAssemblies (65ms)
			RebuildTransferFunctionScriptingTraits (0ms)
			SetupTypeCache (124ms)
			ReleaseScriptCaches (0ms)
			RebuildScriptCaches (24ms)
			SetupLoadedEditorAssemblies (144ms)
				LogAssemblyErrors (0ms)
				InitializePlatformSupportModulesInManaged (4ms)
				SetLoadedEditorAssemblies (0ms)
				RefreshPlugins (38ms)
				BeforeProcessingInitializeOnLoad (14ms)
				ProcessInitializeOnLoadAttributes (65ms)
				ProcessInitializeOnLoadMethodAttributes (22ms)
				AfterProcessingInitializeOnLoad (0ms)
				EditorAssembliesLoaded (0ms)
			ExecutionOrderSort2 (0ms)
			AwakeInstancesAfterBackupRestoration (0ms)
Platform modules already initialized, skipping
Registering precompiled user dll's ...
Registered in 0.008339 seconds.
Begin MonoManager ReloadAssembly
Native extension for WindowsStandalone target not found
Refreshing native plugins compatible for Editor in 0.55 ms, found 2 plugins.
Preloading 0 native plugins for Editor in 0.00 ms.
Mono: successfully reloaded assembly
- Completed reload, in  0.924 seconds
Domain Reload Profiling:
	ReloadAssembly (924ms)
		BeginReloadAssembly (143ms)
			ExecutionOrderSort (0ms)
			DisableScriptedObjects (4ms)
			BackupInstance (0ms)
			ReleaseScriptingObjects (0ms)
			CreateAndSetChildDomain (15ms)
		EndReloadAssembly (715ms)
			LoadAssemblies (99ms)
			RebuildTransferFunctionScriptingTraits (0ms)
			SetupTypeCache (238ms)
			ReleaseScriptCaches (0ms)
			RebuildScriptCaches (36ms)
			SetupLoadedEditorAssemblies (279ms)
				LogAssemblyErrors (0ms)
				InitializePlatformSupportModulesInManaged (4ms)
				SetLoadedEditorAssemblies (0ms)
				RefreshPlugins (1ms)
				BeforeProcessingInitializeOnLoad (83ms)
				ProcessInitializeOnLoadAttributes (170ms)
				ProcessInitializeOnLoadMethodAttributes (8ms)
				AfterProcessingInitializeOnLoad (13ms)
				EditorAssembliesLoaded (0ms)
			ExecutionOrderSort2 (0ms)
			AwakeInstancesAfterBackupRestoration (5ms)
Platform modules already initialized, skipping
========================================================================
Worker process is ready to serve import requests
Launched and connected shader compiler UnityShaderCompiler.exe after 0.05 seconds
Refreshing native plugins compatible for Editor in 0.50 ms, found 2 plugins.
Preloading 0 native plugins for Editor in 0.00 ms.
Unloading 1716 Unused Serialized files (Serialized files now loaded: 0)
System memory in use before: 91.2 MB.
System memory in use after: 91.3 MB.

Unloading 19 unused Assets to reduce memory usage. Loaded Objects now: 2169.
Total: 2.914400 ms (FindLiveObjects: 0.162900 ms CreateObjectMapping: 0.037600 ms MarkObjects: 2.651500 ms  DeleteObjects: 0.061400 ms)

AssetImportParameters requested are different than current active one (requested -> active):
  custom:framework-win-MediaFoundation: 216162199b28c13a410421893ffa2e32 -> 
  custom:video-decoder-ogg-theora: a1e56fd34408186e4bbccfd4996cb3dc -> 
  custom:container-muxer-webm: aa71ff27fc2769a1b78a27578f13a17b -> 
  custom:container-demuxer-webm: 4f35f7cbe854078d1ac9338744f61a02 -> 
  custom:container-demuxer-ogg: 62fdf1f143b41e24485cea50d1cbac27 -> 
  custom:video-encoder-webm-vp8: eb34c28f22e8b96e1ab97ce403110664 -> 
  custom:video-decoder-webm-vp8: 9c59270c3fd7afecdb556c50c9e8de78 -> 
  custom:audio-decoder-ogg-vorbis: bf7c407c2cedff20999df2af8eb42d56 -> 
  custom:audio-encoder-webm-vorbis: bf7c407c2cedff20999df2af8eb42d56 -> 
========================================================================
Received Import Request.
  path: Assets/Assets/Plugins/Pixelplacement/iTween/iTween.cs
  artifactKey: Guid(521257714fc9e437a9163df2d37f2ea2) Importer(815301076,1909f56bfc062723c751e8b465ee728b)
Start importing Assets/Assets/Plugins/Pixelplacement/iTween/iTween.cs using Guid(521257714fc9e437a9163df2d37f2ea2) Importer(815301076,1909f56bfc062723c751e8b465ee728b)  -> (artifact id: '61e9755aa9ea5f9aca2cf31bfbf9597f') in 0.032180 seconds 
  Import took 0.034803 seconds .

========================================================================
Received Import Request.
  Time since last request: 0.000204 seconds.
  path: Assets/Assets/Plugins/Pixelplacement/iTween/Sample
  artifactKey: Guid(2b4957ecfb9d44cb59b99d2305c1848c) Importer(815301076,1909f56bfc062723c751e8b465ee728b)
Start importing Assets/Assets/Plugins/Pixelplacement/iTween/Sample using Guid(2b4957ecfb9d44cb59b99d2305c1848c) Importer(815301076,1909f56bfc062723c751e8b465ee728b)  -> (artifact id: '957809c2cb994c8a2b15e1a7cafead65') in 0.006677 seconds 
  Import took 0.009210 seconds .

========================================================================
Received Import Request.
  Time since last request: 7.331785 seconds.
  path: Assets/Assets/Plugins/Pixelplacement/iTween/Sample/Sample.unity
  artifactKey: Guid(17c6d1d46ed4a4cd19bb7f7a231386ba) Importer(815301076,1909f56bfc062723c751e8b465ee728b)
Start importing Assets/Assets/Plugins/Pixelplacement/iTween/Sample/Sample.unity using Guid(17c6d1d46ed4a4cd19bb7f7a231386ba) Importer(815301076,1909f56bfc062723c751e8b465ee728b)  -> (artifact id: 'e8fee21044f97e7612117766a79cb22e') in 0.012889 seconds 
  Import took 0.015538 seconds .

========================================================================
Received Import Request.
  Time since last request: 55.165924 seconds.
  path: Assets/Assets/Raw and SpriteSheets
  artifactKey: Guid(5992d18fc591ff841947d3b702c0a669) Importer(815301076,1909f56bfc062723c751e8b465ee728b)
Start importing Assets/Assets/Raw and SpriteSheets using Guid(5992d18fc591ff841947d3b702c0a669) Importer(815301076,1909f56bfc062723c751e8b465ee728b)  -> (artifact id: 'cf67d2e701bae549d75fc82a7481bdd4') in 0.024217 seconds 
  Import took 0.027046 seconds .

========================================================================
Received Prepare
Registering precompiled user dll's ...
Registered in 0.007477 seconds.
Begin MonoManager ReloadAssembly
Native extension for WindowsStandalone target not found
Refreshing native plugins compatible for Editor in 0.60 ms, found 2 plugins.
Preloading 0 native plugins for Editor in 0.00 ms.
Mono: successfully reloaded assembly
- Completed reload, in  0.900 seconds
Domain Reload Profiling:
	ReloadAssembly (901ms)
		BeginReloadAssembly (127ms)
			ExecutionOrderSort (0ms)
			DisableScriptedObjects (3ms)
			BackupInstance (0ms)
			ReleaseScriptingObjects (0ms)
			CreateAndSetChildDomain (27ms)
		EndReloadAssembly (708ms)
			LoadAssemblies (105ms)
			RebuildTransferFunctionScriptingTraits (0ms)
			SetupTypeCache (233ms)
			ReleaseScriptCaches (1ms)
			RebuildScriptCaches (34ms)
			SetupLoadedEditorAssemblies (270ms)
				LogAssemblyErrors (0ms)
				InitializePlatformSupportModulesInManaged (4ms)
				SetLoadedEditorAssemblies (0ms)
				RefreshPlugins (1ms)
				BeforeProcessingInitializeOnLoad (82ms)
				ProcessInitializeOnLoadAttributes (161ms)
				ProcessInitializeOnLoadMethodAttributes (7ms)
				AfterProcessingInitializeOnLoad (14ms)
				EditorAssembliesLoaded (0ms)
			ExecutionOrderSort2 (0ms)
			AwakeInstancesAfterBackupRestoration (6ms)
Platform modules already initialized, skipping
Refreshing native plugins compatible for Editor in 0.48 ms, found 2 plugins.
Preloading 0 native plugins for Editor in 0.00 ms.
Unloading 1658 Unused Serialized files (Serialized files now loaded: 0)
System memory in use before: 85.9 MB.
System memory in use after: 86.0 MB.

Unloading 14 unused Assets to reduce memory usage. Loaded Objects now: 2171.
Total: 2.601600 ms (FindLiveObjects: 0.164500 ms CreateObjectMapping: 0.046300 ms MarkObjects: 2.377300 ms  DeleteObjects: 0.012400 ms)

AssetImportParameters requested are different than current active one (requested -> active):
  custom:framework-win-MediaFoundation: 216162199b28c13a410421893ffa2e32 -> 
  custom:video-decoder-ogg-theora: a1e56fd34408186e4bbccfd4996cb3dc -> 
  custom:container-muxer-webm: aa71ff27fc2769a1b78a27578f13a17b -> 
  custom:container-demuxer-webm: 4f35f7cbe854078d1ac9338744f61a02 -> 
  custom:container-demuxer-ogg: 62fdf1f143b41e24485cea50d1cbac27 -> 
  custom:video-encoder-webm-vp8: eb34c28f22e8b96e1ab97ce403110664 -> 
  custom:video-decoder-webm-vp8: 9c59270c3fd7afecdb556c50c9e8de78 -> 
  custom:audio-decoder-ogg-vorbis: bf7c407c2cedff20999df2af8eb42d56 -> 
  custom:audio-encoder-webm-vorbis: bf7c407c2cedff20999df2af8eb42d56 -> 
========================================================================
Received Prepare
Registering precompiled user dll's ...
Registered in 0.007953 seconds.
Begin MonoManager ReloadAssembly
Native extension for WindowsStandalone target not found
Refreshing native plugins compatible for Editor in 0.48 ms, found 2 plugins.
Preloading 0 native plugins for Editor in 0.00 ms.
Mono: successfully reloaded assembly
- Completed reload, in  0.905 seconds
Domain Reload Profiling:
	ReloadAssembly (906ms)
		BeginReloadAssembly (128ms)
			ExecutionOrderSort (0ms)
			DisableScriptedObjects (4ms)
			BackupInstance (0ms)
			ReleaseScriptingObjects (0ms)
			CreateAndSetChildDomain (29ms)
		EndReloadAssembly (706ms)
			LoadAssemblies (108ms)
			RebuildTransferFunctionScriptingTraits (0ms)
			SetupTypeCache (236ms)
			ReleaseScriptCaches (1ms)
			RebuildScriptCaches (34ms)
			SetupLoadedEditorAssemblies (263ms)
				LogAssemblyErrors (0ms)
				InitializePlatformSupportModulesInManaged (4ms)
				SetLoadedEditorAssemblies (0ms)
				RefreshPlugins (1ms)
				BeforeProcessingInitializeOnLoad (73ms)
				ProcessInitializeOnLoadAttributes (164ms)
				ProcessInitializeOnLoadMethodAttributes (8ms)
				AfterProcessingInitializeOnLoad (13ms)
				EditorAssembliesLoaded (0ms)
			ExecutionOrderSort2 (0ms)
			AwakeInstancesAfterBackupRestoration (5ms)
Platform modules already initialized, skipping
Refreshing native plugins compatible for Editor in 0.74 ms, found 2 plugins.
Preloading 0 native plugins for Editor in 0.00 ms.
Unloading 1658 Unused Serialized files (Serialized files now loaded: 0)
System memory in use before: 85.9 MB.
System memory in use after: 86.1 MB.

Unloading 14 unused Assets to reduce memory usage. Loaded Objects now: 2173.
Total: 2.625300 ms (FindLiveObjects: 0.167300 ms CreateObjectMapping: 0.035400 ms MarkObjects: 2.406500 ms  DeleteObjects: 0.015000 ms)

AssetImportParameters requested are different than current active one (requested -> active):
  custom:framework-win-MediaFoundation: 216162199b28c13a410421893ffa2e32 -> 
  custom:video-decoder-ogg-theora: a1e56fd34408186e4bbccfd4996cb3dc -> 
  custom:container-muxer-webm: aa71ff27fc2769a1b78a27578f13a17b -> 
  custom:container-demuxer-webm: 4f35f7cbe854078d1ac9338744f61a02 -> 
  custom:container-demuxer-ogg: 62fdf1f143b41e24485cea50d1cbac27 -> 
  custom:video-encoder-webm-vp8: eb34c28f22e8b96e1ab97ce403110664 -> 
  custom:video-decoder-webm-vp8: 9c59270c3fd7afecdb556c50c9e8de78 -> 
  custom:audio-decoder-ogg-vorbis: bf7c407c2cedff20999df2af8eb42d56 -> 
  custom:audio-encoder-webm-vorbis: bf7c407c2cedff20999df2af8eb42d56 -> 
========================================================================
Received Import Request.
  Time since last request: 37.038021 seconds.
  path: Assets/Game/Pause.cs
  artifactKey: Guid(00c930958eaefc74eb85fe334dc20d75) Importer(815301076,1909f56bfc062723c751e8b465ee728b)
Start importing Assets/Game/Pause.cs using Guid(00c930958eaefc74eb85fe334dc20d75) Importer(815301076,1909f56bfc062723c751e8b465ee728b)  -> (artifact id: '218c09623da2bf5b6fd26e9a80875ba7') in 0.008461 seconds 
  Import took 0.010977 seconds .

========================================================================
Received Import Request.
  Time since last request: 3.379067 seconds.
  path: Assets/Game/Scene/Intro.unity
  artifactKey: Guid(7641ec36392ceb5479d44f1ad3cde0fd) Importer(815301076,1909f56bfc062723c751e8b465ee728b)
Start importing Assets/Game/Scene/Intro.unity using Guid(7641ec36392ceb5479d44f1ad3cde0fd) Importer(815301076,1909f56bfc062723c751e8b465ee728b)  -> (artifact id: '7f6d0dbe8707bd9fee47583ed15623fe') in 0.012679 seconds 
  Import took 0.015310 seconds .

========================================================================
Received Import Request.
  Time since last request: 4.236437 seconds.
  path: Assets/Game/Scene/Intro_Profiles
  artifactKey: Guid(b49f7bebeba865845837a01de8de6656) Importer(815301076,1909f56bfc062723c751e8b465ee728b)
Start importing Assets/Game/Scene/Intro_Profiles using Guid(b49f7bebeba865845837a01de8de6656) Importer(815301076,1909f56bfc062723c751e8b465ee728b)  -> (artifact id: '80c3fbda6bccebeca588c4df49f830d7') in 0.006982 seconds 
  Import took 0.009710 seconds .

========================================================================
Received Prepare
Registering precompiled user dll's ...
Registered in 0.007601 seconds.
Begin MonoManager ReloadAssembly
Native extension for WindowsStandalone target not found
Refreshing native plugins compatible for Editor in 0.48 ms, found 2 plugins.
Preloading 0 native plugins for Editor in 0.00 ms.
Mono: successfully reloaded assembly
- Completed reload, in  0.922 seconds
Domain Reload Profiling:
	ReloadAssembly (923ms)
		BeginReloadAssembly (136ms)
			ExecutionOrderSort (0ms)
			DisableScriptedObjects (4ms)
			BackupInstance (0ms)
			ReleaseScriptingObjects (0ms)
			CreateAndSetChildDomain (31ms)
		EndReloadAssembly (719ms)
			LoadAssemblies (111ms)
			RebuildTransferFunctionScriptingTraits (0ms)
			SetupTypeCache (235ms)
			ReleaseScriptCaches (1ms)
			RebuildScriptCaches (30ms)
			SetupLoadedEditorAssemblies (281ms)
				LogAssemblyErrors (0ms)
				InitializePlatformSupportModulesInManaged (4ms)
				SetLoadedEditorAssemblies (0ms)
				RefreshPlugins (1ms)
				BeforeProcessingInitializeOnLoad (95ms)
				ProcessInitializeOnLoadAttributes (159ms)
				ProcessInitializeOnLoadMethodAttributes (8ms)
				AfterProcessingInitializeOnLoad (14ms)
				EditorAssembliesLoaded (0ms)
			ExecutionOrderSort2 (0ms)
			AwakeInstancesAfterBackupRestoration (6ms)
Platform modules already initialized, skipping
Refreshing native plugins compatible for Editor in 0.48 ms, found 2 plugins.
Preloading 0 native plugins for Editor in 0.00 ms.
Unloading 1658 Unused Serialized files (Serialized files now loaded: 0)
System memory in use before: 86.0 MB.
System memory in use after: 86.1 MB.

Unloading 14 unused Assets to reduce memory usage. Loaded Objects now: 2175.
Total: 2.720400 ms (FindLiveObjects: 0.179900 ms CreateObjectMapping: 0.039100 ms MarkObjects: 2.485100 ms  DeleteObjects: 0.015100 ms)

AssetImportParameters requested are different than current active one (requested -> active):
  custom:framework-win-MediaFoundation: 216162199b28c13a410421893ffa2e32 -> 
  custom:video-decoder-ogg-theora: a1e56fd34408186e4bbccfd4996cb3dc -> 
  custom:container-muxer-webm: aa71ff27fc2769a1b78a27578f13a17b -> 
  custom:container-demuxer-webm: 4f35f7cbe854078d1ac9338744f61a02 -> 
  custom:container-demuxer-ogg: 62fdf1f143b41e24485cea50d1cbac27 -> 
  custom:video-encoder-webm-vp8: eb34c28f22e8b96e1ab97ce403110664 -> 
  custom:video-decoder-webm-vp8: 9c59270c3fd7afecdb556c50c9e8de78 -> 
  custom:audio-decoder-ogg-vorbis: bf7c407c2cedff20999df2af8eb42d56 -> 
  custom:audio-encoder-webm-vorbis: bf7c407c2cedff20999df2af8eb42d56 -> 
========================================================================
Received Import Request.
  Time since last request: 13.931701 seconds.
  path: Assets/Game/Script/SongLoad.cs
  artifactKey: Guid(8e2934ce5aa331b44a3753043cdd0d90) Importer(815301076,1909f56bfc062723c751e8b465ee728b)
Start importing Assets/Game/Script/SongLoad.cs using Guid(8e2934ce5aa331b44a3753043cdd0d90) Importer(815301076,1909f56bfc062723c751e8b465ee728b)  -> (artifact id: '76b4a86820c2659d86b3d9a31f1760a0') in 0.016402 seconds 
  Import took 0.019167 seconds .

========================================================================
Received Import Request.
  Time since last request: 112.191360 seconds.
  path: Assets/Game/Script/Spectrum.cs
  artifactKey: Guid(6f44d2880cedb6f4db89658db3357c8d) Importer(815301076,1909f56bfc062723c751e8b465ee728b)
Start importing Assets/Game/Script/Spectrum.cs using Guid(6f44d2880cedb6f4db89658db3357c8d) Importer(815301076,1909f56bfc062723c751e8b465ee728b)  -> (artifact id: '4c50dfa61a070da25e55e8448bc85f92') in 0.008512 seconds 
  Import took 0.011406 seconds .

========================================================================
Received Prepare
Registering precompiled user dll's ...
Registered in 0.007520 seconds.
Begin MonoManager ReloadAssembly
Native extension for WindowsStandalone target not found
Refreshing native plugins compatible for Editor in 0.48 ms, found 2 plugins.
Preloading 0 native plugins for Editor in 0.00 ms.
Mono: successfully reloaded assembly
- Completed reload, in  0.889 seconds
Domain Reload Profiling:
	ReloadAssembly (890ms)
		BeginReloadAssembly (129ms)
			ExecutionOrderSort (0ms)
			DisableScriptedObjects (3ms)
			BackupInstance (0ms)
			ReleaseScriptingObjects (0ms)
			CreateAndSetChildDomain (28ms)
		EndReloadAssembly (690ms)
			LoadAssemblies (109ms)
			RebuildTransferFunctionScriptingTraits (0ms)
			SetupTypeCache (233ms)
			ReleaseScriptCaches (1ms)
			RebuildScriptCaches (31ms)
			SetupLoadedEditorAssemblies (259ms)
				LogAssemblyErrors (0ms)
				InitializePlatformSupportModulesInManaged (4ms)
				SetLoadedEditorAssemblies (0ms)
				RefreshPlugins (1ms)
				BeforeProcessingInitializeOnLoad (77ms)
				ProcessInitializeOnLoadAttributes (156ms)
				ProcessInitializeOnLoadMethodAttributes (7ms)
				AfterProcessingInitializeOnLoad (13ms)
				EditorAssembliesLoaded (0ms)
			ExecutionOrderSort2 (0ms)
			AwakeInstancesAfterBackupRestoration (6ms)
Platform modules already initialized, skipping
Refreshing native plugins compatible for Editor in 0.48 ms, found 2 plugins.
Preloading 0 native plugins for Editor in 0.00 ms.
Unloading 1657 Unused Serialized files (Serialized files now loaded: 0)
System memory in use before: 86.0 MB.
System memory in use after: 86.1 MB.

Unloading 15 unused Assets to reduce memory usage. Loaded Objects now: 2176.
Total: 2.654200 ms (FindLiveObjects: 0.176000 ms CreateObjectMapping: 0.046300 ms MarkObjects: 2.417000 ms  DeleteObjects: 0.013900 ms)

AssetImportParameters requested are different than current active one (requested -> active):
  custom:framework-win-MediaFoundation: 216162199b28c13a410421893ffa2e32 -> 
  custom:video-decoder-ogg-theora: a1e56fd34408186e4bbccfd4996cb3dc -> 
  custom:container-muxer-webm: aa71ff27fc2769a1b78a27578f13a17b -> 
  custom:container-demuxer-webm: 4f35f7cbe854078d1ac9338744f61a02 -> 
  custom:container-demuxer-ogg: 62fdf1f143b41e24485cea50d1cbac27 -> 
  custom:video-encoder-webm-vp8: eb34c28f22e8b96e1ab97ce403110664 -> 
  custom:video-decoder-webm-vp8: 9c59270c3fd7afecdb556c50c9e8de78 -> 
  custom:audio-decoder-ogg-vorbis: bf7c407c2cedff20999df2af8eb42d56 -> 
  custom:audio-encoder-webm-vorbis: bf7c407c2cedff20999df2af8eb42d56 -> 
========================================================================
Received Import Request.
  Time since last request: 17.363906 seconds.
  path: Assets/Game/Script/ScoreUI.cs
  artifactKey: Guid(d4be416bded3af347babe37dca33c65a) Importer(815301076,1909f56bfc062723c751e8b465ee728b)
Start importing Assets/Game/Script/ScoreUI.cs using Guid(d4be416bded3af347babe37dca33c65a) Importer(815301076,1909f56bfc062723c751e8b465ee728b)  -> (artifact id: '166e365256bd53a7e855329689160843') in 0.039811 seconds 
  Import took 0.042738 seconds .

========================================================================
Received Import Request.
  Time since last request: 4.732021 seconds.
  path: Assets/Game/Script/SceneLoad.cs
  artifactKey: Guid(5b89dac96385bf24eb2f824e4902742d) Importer(815301076,1909f56bfc062723c751e8b465ee728b)
Start importing Assets/Game/Script/SceneLoad.cs using Guid(5b89dac96385bf24eb2f824e4902742d) Importer(815301076,1909f56bfc062723c751e8b465ee728b)  -> (artifact id: 'cdabe65e32aa713ab3db2c3975d5140f') in 0.007253 seconds 
  Import took 0.009916 seconds .

========================================================================
Received Import Request.
  Time since last request: 3.564783 seconds.
  path: Assets/Game/Script/PlayerHp.cs
  artifactKey: Guid(1a7730f5423a7ee40ad9645495b283a4) Importer(815301076,1909f56bfc062723c751e8b465ee728b)
Start importing Assets/Game/Script/PlayerHp.cs using Guid(1a7730f5423a7ee40ad9645495b283a4) Importer(815301076,1909f56bfc062723c751e8b465ee728b)  -> (artifact id: '1a6f2abaa4042cf7843ac8d996f5141a') in 0.008353 seconds 
  Import took 0.011157 seconds .

========================================================================
Received Import Request.
  Time since last request: 283.502369 seconds.
  path: Assets/Game/Script/NoteButton.cs
  artifactKey: Guid(1246da9f0e9c49e488301f9aeb100cd5) Importer(815301076,1909f56bfc062723c751e8b465ee728b)
Start importing Assets/Game/Script/NoteButton.cs using Guid(1246da9f0e9c49e488301f9aeb100cd5) Importer(815301076,1909f56bfc062723c751e8b465ee728b)  -> (artifact id: '25f4ceb405bb7b3209c64f44e8f21ff3') in 0.007815 seconds 
  Import took 0.010926 seconds .

========================================================================
Received Prepare
Registering precompiled user dll's ...
Registered in 0.007587 seconds.
Begin MonoManager ReloadAssembly
Native extension for WindowsStandalone target not found
Refreshing native plugins compatible for Editor in 0.51 ms, found 2 plugins.
Preloading 0 native plugins for Editor in 0.00 ms.
Mono: successfully reloaded assembly
- Completed reload, in  0.856 seconds
Domain Reload Profiling:
	ReloadAssembly (856ms)
		BeginReloadAssembly (117ms)
			ExecutionOrderSort (0ms)
			DisableScriptedObjects (3ms)
			BackupInstance (0ms)
			ReleaseScriptingObjects (0ms)
			CreateAndSetChildDomain (25ms)
		EndReloadAssembly (673ms)
			LoadAssemblies (101ms)
			RebuildTransferFunctionScriptingTraits (0ms)
			SetupTypeCache (228ms)
			ReleaseScriptCaches (1ms)
			RebuildScriptCaches (30ms)
			SetupLoadedEditorAssemblies (250ms)
				LogAssemblyErrors (0ms)
				InitializePlatformSupportModulesInManaged (4ms)
				SetLoadedEditorAssemblies (0ms)
				RefreshPlugins (1ms)
				BeforeProcessingInitializeOnLoad (73ms)
				ProcessInitializeOnLoadAttributes (152ms)
				ProcessInitializeOnLoadMethodAttributes (7ms)
				AfterProcessingInitializeOnLoad (13ms)
				EditorAssembliesLoaded (0ms)
			ExecutionOrderSort2 (0ms)
			AwakeInstancesAfterBackupRestoration (5ms)
Platform modules already initialized, skipping
Refreshing native plugins compatible for Editor in 0.48 ms, found 2 plugins.
Preloading 0 native plugins for Editor in 0.00 ms.
Unloading 1657 Unused Serialized files (Serialized files now loaded: 0)
System memory in use before: 86.0 MB.
System memory in use after: 86.1 MB.

Unloading 14 unused Assets to reduce memory usage. Loaded Objects now: 2178.
Total: 2.578400 ms (FindLiveObjects: 0.151400 ms CreateObjectMapping: 0.038300 ms MarkObjects: 2.375400 ms  DeleteObjects: 0.012400 ms)

AssetImportParameters requested are different than current active one (requested -> active):
  custom:framework-win-MediaFoundation: 216162199b28c13a410421893ffa2e32 -> 
  custom:video-decoder-ogg-theora: a1e56fd34408186e4bbccfd4996cb3dc -> 
  custom:container-muxer-webm: aa71ff27fc2769a1b78a27578f13a17b -> 
  custom:container-demuxer-webm: 4f35f7cbe854078d1ac9338744f61a02 -> 
  custom:container-demuxer-ogg: 62fdf1f143b41e24485cea50d1cbac27 -> 
  custom:video-encoder-webm-vp8: eb34c28f22e8b96e1ab97ce403110664 -> 
  custom:video-decoder-webm-vp8: 9c59270c3fd7afecdb556c50c9e8de78 -> 
  custom:audio-decoder-ogg-vorbis: bf7c407c2cedff20999df2af8eb42d56 -> 
  custom:audio-encoder-webm-vorbis: bf7c407c2cedff20999df2af8eb42d56 -> 
========================================================================
Received Import Request.
  Time since last request: 119.632331 seconds.
  path: Assets/Game/Script/Fade.cs
  artifactKey: Guid(77acea4c71572844f82e687b26807ddc) Importer(815301076,1909f56bfc062723c751e8b465ee728b)
Start importing Assets/Game/Script/Fade.cs using Guid(77acea4c71572844f82e687b26807ddc) Importer(815301076,1909f56bfc062723c751e8b465ee728b)  -> (artifact id: '792430ce27af12f68af2949ad9adbc49') in 0.009221 seconds 
  Import took 0.012293 seconds .

========================================================================
Received Import Request.
  Time since last request: 25.833269 seconds.
  path: Assets/Game/Script/Song
  artifactKey: Guid(85af83e70d4d9284f9fb2d9842913838) Importer(815301076,1909f56bfc062723c751e8b465ee728b)
Start importing Assets/Game/Script/Song using Guid(85af83e70d4d9284f9fb2d9842913838) Importer(815301076,1909f56bfc062723c751e8b465ee728b)  -> (artifact id: '5e320bc7703d178c4f18092516b56735') in 0.078396 seconds 
  Import took 0.081023 seconds .

========================================================================
Received Import Request.
  Time since last request: 4.505099 seconds.
  path: Assets/Game/Song
  artifactKey: Guid(feded5e7c55d4774d891eb368acdb01c) Importer(815301076,1909f56bfc062723c751e8b465ee728b)
Start importing Assets/Game/Song using Guid(feded5e7c55d4774d891eb368acdb01c) Importer(815301076,1909f56bfc062723c751e8b465ee728b)  -> (artifact id: '8cb69f2682e814b74bd08390e037d2a9') in 0.004188 seconds 
  Import took 0.006838 seconds .

========================================================================
Received Import Request.
  Time since last request: 0.457338 seconds.
  path: Assets/Game/CilekOn.cs
  artifactKey: Guid(21edc12c28d973f48895b8ede2ad28d8) Importer(815301076,1909f56bfc062723c751e8b465ee728b)
Start importing Assets/Game/CilekOn.cs using Guid(21edc12c28d973f48895b8ede2ad28d8) Importer(815301076,1909f56bfc062723c751e8b465ee728b)  -> (artifact id: '3bceeed6b7b7e1e7b022d36c39370813') in 0.007306 seconds 
  Import took 0.010220 seconds .

========================================================================
Received Prepare
Registering precompiled user dll's ...
Registered in 0.007764 seconds.
Begin MonoManager ReloadAssembly
Native extension for WindowsStandalone target not found
Refreshing native plugins compatible for Editor in 0.48 ms, found 2 plugins.
Preloading 0 native plugins for Editor in 0.00 ms.
Mono: successfully reloaded assembly
- Completed reload, in  0.903 seconds
Domain Reload Profiling:
	ReloadAssembly (904ms)
		BeginReloadAssembly (129ms)
			ExecutionOrderSort (0ms)
			DisableScriptedObjects (3ms)
			BackupInstance (0ms)
			ReleaseScriptingObjects (0ms)
			CreateAndSetChildDomain (28ms)
		EndReloadAssembly (704ms)
			LoadAssemblies (105ms)
			RebuildTransferFunctionScriptingTraits (0ms)
			SetupTypeCache (249ms)
			ReleaseScriptCaches (1ms)
			RebuildScriptCaches (31ms)
			SetupLoadedEditorAssemblies (256ms)
				LogAssemblyErrors (0ms)
				InitializePlatformSupportModulesInManaged (4ms)
				SetLoadedEditorAssemblies (0ms)
				RefreshPlugins (1ms)
				BeforeProcessingInitializeOnLoad (75ms)
				ProcessInitializeOnLoadAttributes (156ms)
				ProcessInitializeOnLoadMethodAttributes (7ms)
				AfterProcessingInitializeOnLoad (13ms)
				EditorAssembliesLoaded (0ms)
			ExecutionOrderSort2 (0ms)
			AwakeInstancesAfterBackupRestoration (5ms)
Platform modules already initialized, skipping
Refreshing native plugins compatible for Editor in 0.48 ms, found 2 plugins.
Preloading 0 native plugins for Editor in 0.00 ms.
Unloading 1657 Unused Serialized files (Serialized files now loaded: 0)
System memory in use before: 86.0 MB.
System memory in use after: 86.1 MB.

Unloading 14 unused Assets to reduce memory usage. Loaded Objects now: 2180.
Total: 2.721300 ms (FindLiveObjects: 0.154700 ms CreateObjectMapping: 0.038700 ms MarkObjects: 2.511300 ms  DeleteObjects: 0.015600 ms)

AssetImportParameters requested are different than current active one (requested -> active):
  custom:framework-win-MediaFoundation: 216162199b28c13a410421893ffa2e32 -> 
  custom:video-decoder-ogg-theora: a1e56fd34408186e4bbccfd4996cb3dc -> 
  custom:container-muxer-webm: aa71ff27fc2769a1b78a27578f13a17b -> 
  custom:container-demuxer-webm: 4f35f7cbe854078d1ac9338744f61a02 -> 
  custom:container-demuxer-ogg: 62fdf1f143b41e24485cea50d1cbac27 -> 
  custom:video-encoder-webm-vp8: eb34c28f22e8b96e1ab97ce403110664 -> 
  custom:video-decoder-webm-vp8: 9c59270c3fd7afecdb556c50c9e8de78 -> 
  custom:audio-decoder-ogg-vorbis: bf7c407c2cedff20999df2af8eb42d56 -> 
  custom:audio-encoder-webm-vorbis: bf7c407c2cedff20999df2af8eb42d56 -> 
========================================================================
Received Import Request.
  Time since last request: 8.781793 seconds.
  path: Assets/Game/Grid.png
  artifactKey: Guid(b4dbf7632accdb940ae0e82a8bf21691) Importer(815301076,1909f56bfc062723c751e8b465ee728b)
Start importing Assets/Game/Grid.png using Guid(b4dbf7632accdb940ae0e82a8bf21691) Importer(815301076,1909f56bfc062723c751e8b465ee728b)  -> (artifact id: 'a1fd6bcc00a389f08105696a31e4034a') in 0.139283 seconds 
  Import took 0.141890 seconds .

========================================================================
Received Import Request.
  Time since last request: 1.165271 seconds.
  path: Assets/Plugins
  artifactKey: Guid(2484ccc92e6724e46a6b8d8bd75c77ed) Importer(815301076,1909f56bfc062723c751e8b465ee728b)
Start importing Assets/Plugins using Guid(2484ccc92e6724e46a6b8d8bd75c77ed) Importer(815301076,1909f56bfc062723c751e8b465ee728b)  -> (artifact id: 'ad372060e6d75b81f0b56c58bbc7fe9d') in 0.006564 seconds 
  Import took 0.009241 seconds .

========================================================================
Received Import Request.
  Time since last request: 0.744886 seconds.
  path: Assets/Plugins/Pixelplacement
  artifactKey: Guid(94b82559ec3ae88448678e04bc665d78) Importer(815301076,1909f56bfc062723c751e8b465ee728b)
Start importing Assets/Plugins/Pixelplacement using Guid(94b82559ec3ae88448678e04bc665d78) Importer(815301076,1909f56bfc062723c751e8b465ee728b)  -> (artifact id: '0193539e5b11839934b7f95cee3da959') in 0.006576 seconds 
  Import took 0.009348 seconds .

========================================================================
Received Prepare
Registering precompiled user dll's ...
Registered in 0.007829 seconds.
Begin MonoManager ReloadAssembly
Native extension for WindowsStandalone target not found
Refreshing native plugins compatible for Editor in 0.50 ms, found 2 plugins.
Preloading 0 native plugins for Editor in 0.00 ms.
Mono: successfully reloaded assembly
- Completed reload, in  0.905 seconds
Domain Reload Profiling:
	ReloadAssembly (905ms)
		BeginReloadAssembly (125ms)
			ExecutionOrderSort (0ms)
			DisableScriptedObjects (3ms)
			BackupInstance (0ms)
			ReleaseScriptingObjects (0ms)
			CreateAndSetChildDomain (26ms)
		EndReloadAssembly (713ms)
			LoadAssemblies (113ms)
			RebuildTransferFunctionScriptingTraits (0ms)
			SetupTypeCache (234ms)
			ReleaseScriptCaches (1ms)
			RebuildScriptCaches (31ms)
			SetupLoadedEditorAssemblies (261ms)
				LogAssemblyErrors (0ms)
				InitializePlatformSupportModulesInManaged (4ms)
				SetLoadedEditorAssemblies (0ms)
				RefreshPlugins (1ms)
				BeforeProcessingInitializeOnLoad (81ms)
				ProcessInitializeOnLoadAttributes (155ms)
				ProcessInitializeOnLoadMethodAttributes (7ms)
				AfterProcessingInitializeOnLoad (13ms)
				EditorAssembliesLoaded (0ms)
			ExecutionOrderSort2 (0ms)
			AwakeInstancesAfterBackupRestoration (5ms)
Platform modules already initialized, skipping
Refreshing native plugins compatible for Editor in 0.50 ms, found 2 plugins.
Preloading 0 native plugins for Editor in 0.00 ms.
Unloading 1657 Unused Serialized files (Serialized files now loaded: 0)
System memory in use before: 86.0 MB.
System memory in use after: 86.1 MB.

Unloading 14 unused Assets to reduce memory usage. Loaded Objects now: 2184.
Total: 2.669700 ms (FindLiveObjects: 0.159700 ms CreateObjectMapping: 0.039100 ms MarkObjects: 2.457300 ms  DeleteObjects: 0.012700 ms)

AssetImportParameters requested are different than current active one (requested -> active):
  custom:framework-win-MediaFoundation: 216162199b28c13a410421893ffa2e32 -> 
  custom:video-decoder-ogg-theora: a1e56fd34408186e4bbccfd4996cb3dc -> 
  custom:container-muxer-webm: aa71ff27fc2769a1b78a27578f13a17b -> 
  custom:container-demuxer-webm: 4f35f7cbe854078d1ac9338744f61a02 -> 
  custom:container-demuxer-ogg: 62fdf1f143b41e24485cea50d1cbac27 -> 
  custom:video-encoder-webm-vp8: eb34c28f22e8b96e1ab97ce403110664 -> 
  custom:video-decoder-webm-vp8: 9c59270c3fd7afecdb556c50c9e8de78 -> 
  custom:audio-decoder-ogg-vorbis: bf7c407c2cedff20999df2af8eb42d56 -> 
  custom:audio-encoder-webm-vorbis: bf7c407c2cedff20999df2af8eb42d56 -> 
========================================================================
Received Import Request.
  Time since last request: 74.153247 seconds.
  path: Assets/Game/Anim
  artifactKey: Guid(f3bf2def726d44043b79ec824daaff71) Importer(815301076,1909f56bfc062723c751e8b465ee728b)
Start importing Assets/Game/Anim using Guid(f3bf2def726d44043b79ec824daaff71) Importer(815301076,1909f56bfc062723c751e8b465ee728b)  -> (artifact id: '4e4665b923172cbff64a0700fcc45213') in 0.010120 seconds 
  Import took 0.013028 seconds .

========================================================================
Received Import Request.
  Time since last request: 16.523948 seconds.
  path: Assets/Package
  artifactKey: Guid(6adaeaf2299a2934db1bcf3fc7669944) Importer(815301076,1909f56bfc062723c751e8b465ee728b)
Start importing Assets/Package using Guid(6adaeaf2299a2934db1bcf3fc7669944) Importer(815301076,1909f56bfc062723c751e8b465ee728b)  -> (artifact id: 'c81a660b816e48cd315d4aa98ae38dff') in 0.007169 seconds 
  Import took 0.010159 seconds .

========================================================================
Received Prepare
Registering precompiled user dll's ...
Registered in 0.007731 seconds.
Begin MonoManager ReloadAssembly
Native extension for WindowsStandalone target not found
Refreshing native plugins compatible for Editor in 0.50 ms, found 2 plugins.
Preloading 0 native plugins for Editor in 0.00 ms.
Mono: successfully reloaded assembly
- Completed reload, in  0.880 seconds
Domain Reload Profiling:
	ReloadAssembly (880ms)
		BeginReloadAssembly (122ms)
			ExecutionOrderSort (0ms)
			DisableScriptedObjects (3ms)
			BackupInstance (0ms)
			ReleaseScriptingObjects (0ms)
			CreateAndSetChildDomain (26ms)
		EndReloadAssembly (693ms)
			LoadAssemblies (101ms)
			RebuildTransferFunctionScriptingTraits (0ms)
			SetupTypeCache (227ms)
			ReleaseScriptCaches (1ms)
			RebuildScriptCaches (31ms)
			SetupLoadedEditorAssemblies (270ms)
				LogAssemblyErrors (0ms)
				InitializePlatformSupportModulesInManaged (5ms)
				SetLoadedEditorAssemblies (0ms)
				RefreshPlugins (1ms)
				BeforeProcessingInitializeOnLoad (78ms)
				ProcessInitializeOnLoadAttributes (167ms)
				ProcessInitializeOnLoadMethodAttributes (7ms)
				AfterProcessingInitializeOnLoad (13ms)
				EditorAssembliesLoaded (0ms)
			ExecutionOrderSort2 (0ms)
			AwakeInstancesAfterBackupRestoration (6ms)
Platform modules already initialized, skipping
Refreshing native plugins compatible for Editor in 0.48 ms, found 2 plugins.
Preloading 0 native plugins for Editor in 0.00 ms.
Unloading 1657 Unused Serialized files (Serialized files now loaded: 0)
System memory in use before: 86.0 MB.
System memory in use after: 86.1 MB.

Unloading 14 unused Assets to reduce memory usage. Loaded Objects now: 2186.
Total: 2.557200 ms (FindLiveObjects: 0.163800 ms CreateObjectMapping: 0.038800 ms MarkObjects: 2.341300 ms  DeleteObjects: 0.012200 ms)

AssetImportParameters requested are different than current active one (requested -> active):
  custom:framework-win-MediaFoundation: 216162199b28c13a410421893ffa2e32 -> 
  custom:video-decoder-ogg-theora: a1e56fd34408186e4bbccfd4996cb3dc -> 
  custom:container-muxer-webm: aa71ff27fc2769a1b78a27578f13a17b -> 
  custom:container-demuxer-webm: 4f35f7cbe854078d1ac9338744f61a02 -> 
  custom:container-demuxer-ogg: 62fdf1f143b41e24485cea50d1cbac27 -> 
  custom:video-encoder-webm-vp8: eb34c28f22e8b96e1ab97ce403110664 -> 
  custom:video-decoder-webm-vp8: 9c59270c3fd7afecdb556c50c9e8de78 -> 
  custom:audio-decoder-ogg-vorbis: bf7c407c2cedff20999df2af8eb42d56 -> 
  custom:audio-encoder-webm-vorbis: bf7c407c2cedff20999df2af8eb42d56 -> 
========================================================================
Received Prepare
Registering precompiled user dll's ...
Registered in 0.008308 seconds.
Begin MonoManager ReloadAssembly
Native extension for WindowsStandalone target not found
Refreshing native plugins compatible for Editor in 0.51 ms, found 2 plugins.
Preloading 0 native plugins for Editor in 0.00 ms.
Mono: successfully reloaded assembly
- Completed reload, in  0.891 seconds
Domain Reload Profiling:
	ReloadAssembly (892ms)
		BeginReloadAssembly (111ms)
			ExecutionOrderSort (0ms)
			DisableScriptedObjects (4ms)
			BackupInstance (0ms)
			ReleaseScriptingObjects (0ms)
			CreateAndSetChildDomain (25ms)
		EndReloadAssembly (717ms)
			LoadAssemblies (98ms)
			RebuildTransferFunctionScriptingTraits (0ms)
			SetupTypeCache (253ms)
			ReleaseScriptCaches (1ms)
			RebuildScriptCaches (31ms)
			SetupLoadedEditorAssemblies (264ms)
				LogAssemblyErrors (0ms)
				InitializePlatformSupportModulesInManaged (4ms)
				SetLoadedEditorAssemblies (0ms)
				RefreshPlugins (1ms)
				BeforeProcessingInitializeOnLoad (75ms)
				ProcessInitializeOnLoadAttributes (162ms)
				ProcessInitializeOnLoadMethodAttributes (8ms)
				AfterProcessingInitializeOnLoad (14ms)
				EditorAssembliesLoaded (0ms)
			ExecutionOrderSort2 (0ms)
			AwakeInstancesAfterBackupRestoration (5ms)
Platform modules already initialized, skipping
Refreshing native plugins compatible for Editor in 0.48 ms, found 2 plugins.
Preloading 0 native plugins for Editor in 0.00 ms.
Unloading 1657 Unused Serialized files (Serialized files now loaded: 0)
System memory in use before: 86.0 MB.
System memory in use after: 86.1 MB.

Unloading 14 unused Assets to reduce memory usage. Loaded Objects now: 2188.
Total: 2.507500 ms (FindLiveObjects: 0.154300 ms CreateObjectMapping: 0.038600 ms MarkObjects: 2.301900 ms  DeleteObjects: 0.012000 ms)

AssetImportParameters requested are different than current active one (requested -> active):
  custom:framework-win-MediaFoundation: 216162199b28c13a410421893ffa2e32 -> 
  custom:video-decoder-ogg-theora: a1e56fd34408186e4bbccfd4996cb3dc -> 
  custom:container-muxer-webm: aa71ff27fc2769a1b78a27578f13a17b -> 
  custom:container-demuxer-webm: 4f35f7cbe854078d1ac9338744f61a02 -> 
  custom:container-demuxer-ogg: 62fdf1f143b41e24485cea50d1cbac27 -> 
  custom:video-encoder-webm-vp8: eb34c28f22e8b96e1ab97ce403110664 -> 
  custom:video-decoder-webm-vp8: 9c59270c3fd7afecdb556c50c9e8de78 -> 
  custom:audio-decoder-ogg-vorbis: bf7c407c2cedff20999df2af8eb42d56 -> 
  custom:audio-encoder-webm-vorbis: bf7c407c2cedff20999df2af8eb42d56 -> 
========================================================================
Received Import Request.
  Time since last request: 25.980958 seconds.
  path: Assets/Package/Scenes/ProgressBar and SlidersSettings.lighting
  artifactKey: Guid(676b6a6904faeba49968bff622d51829) Importer(815301076,1909f56bfc062723c751e8b465ee728b)
Start importing Assets/Package/Scenes/ProgressBar and SlidersSettings.lighting using Guid(676b6a6904faeba49968bff622d51829) Importer(815301076,1909f56bfc062723c751e8b465ee728b) LightingSettings: switching bake backend from 1 to 0.
 -> (artifact id: '612717e6a7a439efd479cd9584bd8947') in 0.020639 seconds 
  Import took 0.023142 seconds .

========================================================================
Received Import Request.
  Time since last request: 2.267590 seconds.
  path: Assets/Package/Scenes/ProgressBar and Sliders.unity
  artifactKey: Guid(001197277e9c8cc4a9ac567e80c2ed81) Importer(815301076,1909f56bfc062723c751e8b465ee728b)
Start importing Assets/Package/Scenes/ProgressBar and Sliders.unity using Guid(001197277e9c8cc4a9ac567e80c2ed81) Importer(815301076,1909f56bfc062723c751e8b465ee728b)  -> (artifact id: '61d60509757396d68a023856f8619d61') in 0.007849 seconds 
  Import took 0.010854 seconds .

========================================================================
Received Import Request.
  Time since last request: 3.462614 seconds.
  path: Assets/Package/Scenes
  artifactKey: Guid(b8926f4da0af27d489188036d72e2d59) Importer(815301076,1909f56bfc062723c751e8b465ee728b)
Start importing Assets/Package/Scenes using Guid(b8926f4da0af27d489188036d72e2d59) Importer(815301076,1909f56bfc062723c751e8b465ee728b)  -> (artifact id: '4323a8d7347e6810ab1824048ee0bbbf') in 0.007485 seconds 
  Import took 0.010158 seconds .

========================================================================
Received Import Request.
  Time since last request: 1.751387 seconds.
  path: Assets/Package/UI Elements
  artifactKey: Guid(062189629df0cf84aaed69621ab73111) Importer(815301076,1909f56bfc062723c751e8b465ee728b)
Start importing Assets/Package/UI Elements using Guid(062189629df0cf84aaed69621ab73111) Importer(815301076,1909f56bfc062723c751e8b465ee728b)  -> (artifact id: '54e1b62b55e157e7b2f301813821f5e1') in 0.007032 seconds 
  Import took 0.009600 seconds .

========================================================================
Received Import Request.
  Time since last request: 7.184173 seconds.
  path: Assets/Game/Font
  artifactKey: Guid(4c65a2fb4de533d40aa853a45580b95c) Importer(815301076,1909f56bfc062723c751e8b465ee728b)
Start importing Assets/Game/Font using Guid(4c65a2fb4de533d40aa853a45580b95c) Importer(815301076,1909f56bfc062723c751e8b465ee728b)  -> (artifact id: '919aabc2ec536a3b4762a31eab108a12') in 0.007203 seconds 
  Import took 0.010029 seconds .

========================================================================
Received Import Request.
  Time since last request: 0.394197 seconds.
  path: Assets/Game/GameMain_Profiles
  artifactKey: Guid(caab76b82c0603847a50bf7a34abf819) Importer(815301076,1909f56bfc062723c751e8b465ee728b)
Start importing Assets/Game/GameMain_Profiles using Guid(caab76b82c0603847a50bf7a34abf819) Importer(815301076,1909f56bfc062723c751e8b465ee728b)  -> (artifact id: '6cebece4e3f77df26d9bd051044dc564') in 0.006665 seconds 
  Import took 0.009402 seconds .

========================================================================
Received Import Request.
  Time since last request: 0.975030 seconds.
  path: Assets/Game/IntroScene
  artifactKey: Guid(f3860b28fe0378f42b3c3208d9fa3bdc) Importer(815301076,1909f56bfc062723c751e8b465ee728b)
Start importing Assets/Game/IntroScene using Guid(f3860b28fe0378f42b3c3208d9fa3bdc) Importer(815301076,1909f56bfc062723c751e8b465ee728b)  -> (artifact id: 'a347233b33bbbcdc31274eccb04b91aa') in 0.006884 seconds 
  Import took 0.009687 seconds .

========================================================================
Received Import Request.
  Time since last request: 0.624121 seconds.
  path: Assets/Game/Material
  artifactKey: Guid(0d5043cd575e19f40b90342f513a14f1) Importer(815301076,1909f56bfc062723c751e8b465ee728b)
Start importing Assets/Game/Material using Guid(0d5043cd575e19f40b90342f513a14f1) Importer(815301076,1909f56bfc062723c751e8b465ee728b)  -> (artifact id: 'bc2a21d6698697032c5a2ef692f6f501') in 0.006729 seconds 
  Import took 0.009340 seconds .

========================================================================
Received Prepare
Registering precompiled user dll's ...
Registered in 0.008084 seconds.
Begin MonoManager ReloadAssembly
Native extension for WindowsStandalone target not found
Refreshing native plugins compatible for Editor in 0.50 ms, found 2 plugins.
Preloading 0 native plugins for Editor in 0.00 ms.
Mono: successfully reloaded assembly
- Completed reload, in  0.874 seconds
Domain Reload Profiling:
	ReloadAssembly (875ms)
		BeginReloadAssembly (124ms)
			ExecutionOrderSort (0ms)
			DisableScriptedObjects (3ms)
			BackupInstance (0ms)
			ReleaseScriptingObjects (0ms)
			CreateAndSetChildDomain (26ms)
		EndReloadAssembly (683ms)
			LoadAssemblies (101ms)
			RebuildTransferFunctionScriptingTraits (0ms)
			SetupTypeCache (229ms)
			ReleaseScriptCaches (1ms)
			RebuildScriptCaches (31ms)
			SetupLoadedEditorAssemblies (260ms)
				LogAssemblyErrors (0ms)
				InitializePlatformSupportModulesInManaged (4ms)
				SetLoadedEditorAssemblies (0ms)
				RefreshPlugins (1ms)
				BeforeProcessingInitializeOnLoad (72ms)
				ProcessInitializeOnLoadAttributes (161ms)
				ProcessInitializeOnLoadMethodAttributes (7ms)
				AfterProcessingInitializeOnLoad (13ms)
				EditorAssembliesLoaded (0ms)
			ExecutionOrderSort2 (0ms)
			AwakeInstancesAfterBackupRestoration (5ms)
Platform modules already initialized, skipping
Refreshing native plugins compatible for Editor in 0.51 ms, found 2 plugins.
Preloading 0 native plugins for Editor in 0.00 ms.
Unloading 1657 Unused Serialized files (Serialized files now loaded: 0)
System memory in use before: 86.0 MB.
System memory in use after: 86.1 MB.

Unloading 14 unused Assets to reduce memory usage. Loaded Objects now: 2190.
Total: 2.568400 ms (FindLiveObjects: 0.164300 ms CreateObjectMapping: 0.039000 ms MarkObjects: 2.349900 ms  DeleteObjects: 0.014200 ms)

AssetImportParameters requested are different than current active one (requested -> active):
  custom:framework-win-MediaFoundation: 216162199b28c13a410421893ffa2e32 -> 
  custom:video-decoder-ogg-theora: a1e56fd34408186e4bbccfd4996cb3dc -> 
  custom:container-muxer-webm: aa71ff27fc2769a1b78a27578f13a17b -> 
  custom:container-demuxer-webm: 4f35f7cbe854078d1ac9338744f61a02 -> 
  custom:container-demuxer-ogg: 62fdf1f143b41e24485cea50d1cbac27 -> 
  custom:video-encoder-webm-vp8: eb34c28f22e8b96e1ab97ce403110664 -> 
  custom:video-decoder-webm-vp8: 9c59270c3fd7afecdb556c50c9e8de78 -> 
  custom:audio-decoder-ogg-vorbis: bf7c407c2cedff20999df2af8eb42d56 -> 
  custom:audio-encoder-webm-vorbis: bf7c407c2cedff20999df2af8eb42d56 -> 
========================================================================
Received Import Request.
  Time since last request: 56.567681 seconds.
  path: Assets/GameMain_Profiles/GameManager Profile.asset
  artifactKey: Guid(d5bdd9593e19f364c9d009e30bfd0954) Importer(815301076,1909f56bfc062723c751e8b465ee728b)
Start importing Assets/GameMain_Profiles/GameManager Profile.asset using Guid(d5bdd9593e19f364c9d009e30bfd0954) Importer(815301076,1909f56bfc062723c751e8b465ee728b)  -> (artifact id: '7889824301dd6b53d706049af20a817e') in 0.024005 seconds 
  Import took 0.026847 seconds .

========================================================================
Received Import Request.
  Time since last request: 2.105644 seconds.
  path: Assets/Image/111.jpg
  artifactKey: Guid(6954225c56b949d4aa47c5c8b6d03488) Importer(815301076,1909f56bfc062723c751e8b465ee728b)
Start importing Assets/Image/111.jpg using Guid(6954225c56b949d4aa47c5c8b6d03488) Importer(815301076,1909f56bfc062723c751e8b465ee728b)  -> (artifact id: '8cb56ab8269aa3c8532b785dc821cfb2') in 0.064261 seconds 
  Import took 0.067024 seconds .

========================================================================
Received Import Request.
  Time since last request: 0.092243 seconds.
  path: Assets/Image/Physical Emotion.jpg
  artifactKey: Guid(7177211b2e1f5854e8c84f7b25b2b5d4) Importer(815301076,1909f56bfc062723c751e8b465ee728b)
Start importing Assets/Image/Physical Emotion.jpg using Guid(7177211b2e1f5854e8c84f7b25b2b5d4) Importer(815301076,1909f56bfc062723c751e8b465ee728b)  -> (artifact id: 'ba30ccd4d38abaa96ce6344036947b4b') in 0.018810 seconds 
  Import took 0.021649 seconds .

========================================================================
Received Import Request.
  Time since last request: 2.280938 seconds.
  path: Assets/Image/Promise Of Heaven.jpg
  artifactKey: Guid(1a2e8891e3316b54681122e92ae43309) Importer(815301076,1909f56bfc062723c751e8b465ee728b)
Start importing Assets/Image/Promise Of Heaven.jpg using Guid(1a2e8891e3316b54681122e92ae43309) Importer(815301076,1909f56bfc062723c751e8b465ee728b)  -> (artifact id: '0f079d558fb78545273846160b4e6db9') in 0.025581 seconds 
  Import took 0.028558 seconds .

========================================================================
Received Import Request.
  Time since last request: 0.177612 seconds.
  path: Assets/Image/별빛 등대의 섬.jpg
  artifactKey: Guid(4216393642a06864cb69db7815a31e54) Importer(815301076,1909f56bfc062723c751e8b465ee728b)
Start importing Assets/Image/별빛 등대의 섬.jpg using Guid(4216393642a06864cb69db7815a31e54) Importer(815301076,1909f56bfc062723c751e8b465ee728b)  -> (artifact id: '6ec9446415fda9967dd125b9b33b1fff') in 0.025557 seconds 
  Import took 0.028517 seconds .

========================================================================
Received Import Request.
  Time since last request: 0.158603 seconds.
  path: Assets/Image/우리의 꿈.jpg
  artifactKey: Guid(6abba05d71bc73b4995708f22bd6858f) Importer(815301076,1909f56bfc062723c751e8b465ee728b)
Start importing Assets/Image/우리의 꿈.jpg using Guid(6abba05d71bc73b4995708f22bd6858f) Importer(815301076,1909f56bfc062723c751e8b465ee728b)  -> (artifact id: 'bc560ab926cf09cfc39965dbeebb6277') in 0.037504 seconds 
  Import took 0.040484 seconds .

========================================================================
Received Import Request.
  Time since last request: 6.133752 seconds.
  path: Assets/IntroScene/HpRender.cs
  artifactKey: Guid(a1fc668f2c1f32144bcbfc9162d07422) Importer(815301076,1909f56bfc062723c751e8b465ee728b)
Start importing Assets/IntroScene/HpRender.cs using Guid(a1fc668f2c1f32144bcbfc9162d07422) Importer(815301076,1909f56bfc062723c751e8b465ee728b)  -> (artifact id: 'c01a9ed41600ed8a28b0ba1a6a0b1129') in 0.007267 seconds 
  Import took 0.010198 seconds .

========================================================================
Received Import Request.
  Time since last request: 1.314348 seconds.
  path: Assets/IntroScene/Camitween.cs
  artifactKey: Guid(5221d069f7752584c8dde49127de0eb3) Importer(815301076,1909f56bfc062723c751e8b465ee728b)
Start importing Assets/IntroScene/Camitween.cs using Guid(5221d069f7752584c8dde49127de0eb3) Importer(815301076,1909f56bfc062723c751e8b465ee728b)  -> (artifact id: 'f26bddd27658961d85eb1d38267f36fe') in 0.007229 seconds 
  Import took 0.010057 seconds .

========================================================================
Received Import Request.
  Time since last request: 1.301551 seconds.
  path: Assets/IntroScene/GameRule.cs
  artifactKey: Guid(038a941763c535a48a9057b5129328d0) Importer(815301076,1909f56bfc062723c751e8b465ee728b)
Start importing Assets/IntroScene/GameRule.cs using Guid(038a941763c535a48a9057b5129328d0) Importer(815301076,1909f56bfc062723c751e8b465ee728b)  -> (artifact id: '083d2a5bf12a6d9b85bfd14f4692b7a7') in 0.007239 seconds 
  Import took 0.009969 seconds .

========================================================================
Received Import Request.
  Time since last request: 4.008115 seconds.
  path: Assets/IntroScene/IntroFade.cs
  artifactKey: Guid(481ec5ed009dd9e4997f1182782c5fa6) Importer(815301076,1909f56bfc062723c751e8b465ee728b)
Start importing Assets/IntroScene/IntroFade.cs using Guid(481ec5ed009dd9e4997f1182782c5fa6) Importer(815301076,1909f56bfc062723c751e8b465ee728b)  -> (artifact id: '26c24091db9be72e8fd09ab44a7df086') in 0.007242 seconds 
  Import took 0.010039 seconds .

========================================================================
Received Import Request.
  Time since last request: 0.713513 seconds.
  path: Assets/IntroScene/IntroLeftNote.cs
  artifactKey: Guid(57b6d44e58baba94cb952d3406b1e927) Importer(815301076,1909f56bfc062723c751e8b465ee728b)
Start importing Assets/IntroScene/IntroLeftNote.cs using Guid(57b6d44e58baba94cb952d3406b1e927) Importer(815301076,1909f56bfc062723c751e8b465ee728b)  -> (artifact id: '4453d1c6fcb06349aca38842b11fc6e2') in 0.007195 seconds 
  Import took 0.010018 seconds .

========================================================================
Received Import Request.
  Time since last request: 0.503804 seconds.
  path: Assets/IntroScene/IntroNote.cs
  artifactKey: Guid(d3484dbb25396bd4385aa51649201fa9) Importer(815301076,1909f56bfc062723c751e8b465ee728b)
Start importing Assets/IntroScene/IntroNote.cs using Guid(d3484dbb25396bd4385aa51649201fa9) Importer(815301076,1909f56bfc062723c751e8b465ee728b)  -> (artifact id: '50a6affb058770c8a0650f66d17ae3a4') in 0.007137 seconds 
  Import took 0.009933 seconds .

========================================================================
Received Import Request.
  Time since last request: 1.381794 seconds.
  path: Assets/IntroScene/IntroPrefab.cs
  artifactKey: Guid(52b62aa409e0704468ccd6ae539cbf37) Importer(815301076,1909f56bfc062723c751e8b465ee728b)
Start importing Assets/IntroScene/IntroPrefab.cs using Guid(52b62aa409e0704468ccd6ae539cbf37) Importer(815301076,1909f56bfc062723c751e8b465ee728b)  -> (artifact id: '668ced9abd7ad146e99bf5d235cc2585') in 0.006945 seconds 
  Import took 0.009669 seconds .

========================================================================
Received Import Request.
  Time since last request: 4.422910 seconds.
  path: Assets/IntroScene/IntroSceneLoad.cs
  artifactKey: Guid(9c24c4f3c318ea64d816d6a3b5283c31) Importer(815301076,1909f56bfc062723c751e8b465ee728b)
Start importing Assets/IntroScene/IntroSceneLoad.cs using Guid(9c24c4f3c318ea64d816d6a3b5283c31) Importer(815301076,1909f56bfc062723c751e8b465ee728b)  -> (artifact id: '20f6d6f4ae63f75b3a7527b8632264c2') in 0.007683 seconds 
  Import took 0.010505 seconds .

========================================================================
Received Import Request.
  Time since last request: 0.586603 seconds.
  path: Assets/IntroScene/IntroSpectrum.cs
  artifactKey: Guid(37945214fdcd4874e8d7447e663edc75) Importer(815301076,1909f56bfc062723c751e8b465ee728b)
Start importing Assets/IntroScene/IntroSpectrum.cs using Guid(37945214fdcd4874e8d7447e663edc75) Importer(815301076,1909f56bfc062723c751e8b465ee728b)  -> (artifact id: 'c32fac0a0c856d61141e3dc775194259') in 0.006991 seconds 
  Import took 0.009770 seconds .

========================================================================
Received Import Request.
  Time since last request: 0.500463 seconds.
  path: Assets/IntroScene/LeftNote.prefab
  artifactKey: Guid(ad54e12f11d7dce448ca7cbba30b2b65) Importer(815301076,1909f56bfc062723c751e8b465ee728b)
Start importing Assets/IntroScene/LeftNote.prefab using Guid(ad54e12f11d7dce448ca7cbba30b2b65) Importer(815301076,1909f56bfc062723c751e8b465ee728b)  -> (artifact id: 'e54e6ce183e3b32e4f7a52af55eb45bd') in 0.058788 seconds 
  Import took 0.061815 seconds .

========================================================================
Received Import Request.
  Time since last request: 0.361708 seconds.
  path: Assets/IntroScene/RightNote.prefab
  artifactKey: Guid(b0ea47cc25a12444fb5b43f78d3942c7) Importer(815301076,1909f56bfc062723c751e8b465ee728b)
Start importing Assets/IntroScene/RightNote.prefab using Guid(b0ea47cc25a12444fb5b43f78d3942c7) Importer(815301076,1909f56bfc062723c751e8b465ee728b)  -> (artifact id: '4383f2ac3d4ee50dd0f9f4f6b77302ab') in 0.023652 seconds 
  Import took 0.026592 seconds .

========================================================================
Received Import Request.
  Time since last request: 23.734366 seconds.
  path: Assets/Script/TItle
  artifactKey: Guid(dc583e54c7fa7d7458cf2dbd84d8daf0) Importer(815301076,1909f56bfc062723c751e8b465ee728b)
Start importing Assets/Script/TItle using Guid(dc583e54c7fa7d7458cf2dbd84d8daf0) Importer(815301076,1909f56bfc062723c751e8b465ee728b)  -> (artifact id: '3bcce7bf945d02cf13c8f7337dbc9168') in 0.007402 seconds 
  Import took 0.010167 seconds .

========================================================================
Received Import Request.
  Time since last request: 11.285141 seconds.
  path: Assets/Package/SkySeries Freebie
  artifactKey: Guid(0522fd170eb33374e89499114c3b3c6f) Importer(815301076,1909f56bfc062723c751e8b465ee728b)
Start importing Assets/Package/SkySeries Freebie using Guid(0522fd170eb33374e89499114c3b3c6f) Importer(815301076,1909f56bfc062723c751e8b465ee728b)  -> (artifact id: 'f569fb1405c25e1ba72b394271d90d9c') in 0.007150 seconds 
  Import took 0.009953 seconds .

========================================================================
Received Prepare
Registering precompiled user dll's ...
Registered in 0.172237 seconds.
Begin MonoManager ReloadAssembly
Native extension for WindowsStandalone target not found
Refreshing native plugins compatible for Editor in 0.48 ms, found 2 plugins.
Preloading 0 native plugins for Editor in 0.00 ms.
Mono: successfully reloaded assembly
- Completed reload, in  0.854 seconds
Domain Reload Profiling:
	ReloadAssembly (855ms)
		BeginReloadAssembly (115ms)
			ExecutionOrderSort (0ms)
			DisableScriptedObjects (3ms)
			BackupInstance (0ms)
			ReleaseScriptingObjects (0ms)
			CreateAndSetChildDomain (25ms)
		EndReloadAssembly (674ms)
			LoadAssemblies (98ms)
			RebuildTransferFunctionScriptingTraits (0ms)
			SetupTypeCache (230ms)
			ReleaseScriptCaches (1ms)
			RebuildScriptCaches (31ms)
			SetupLoadedEditorAssemblies (251ms)
				LogAssemblyErrors (0ms)
				InitializePlatformSupportModulesInManaged (4ms)
				SetLoadedEditorAssemblies (0ms)
				RefreshPlugins (1ms)
				BeforeProcessingInitializeOnLoad (72ms)
				ProcessInitializeOnLoadAttributes (153ms)
				ProcessInitializeOnLoadMethodAttributes (7ms)
				AfterProcessingInitializeOnLoad (13ms)
				EditorAssembliesLoaded (0ms)
			ExecutionOrderSort2 (0ms)
			AwakeInstancesAfterBackupRestoration (5ms)
Platform modules already initialized, skipping
Refreshing native plugins compatible for Editor in 0.48 ms, found 2 plugins.
Preloading 0 native plugins for Editor in 0.00 ms.
Unloading 1657 Unused Serialized files (Serialized files now loaded: 0)
System memory in use before: 89.2 MB.
System memory in use after: 89.3 MB.

Unloading 14 unused Assets to reduce memory usage. Loaded Objects now: 2205.
Total: 2.775500 ms (FindLiveObjects: 0.175600 ms CreateObjectMapping: 0.045800 ms MarkObjects: 2.539300 ms  DeleteObjects: 0.013500 ms)

AssetImportParameters requested are different than current active one (requested -> active):
  custom:framework-win-MediaFoundation: 216162199b28c13a410421893ffa2e32 -> 
  custom:video-decoder-ogg-theora: a1e56fd34408186e4bbccfd4996cb3dc -> 
  custom:container-muxer-webm: aa71ff27fc2769a1b78a27578f13a17b -> 
  custom:container-demuxer-webm: 4f35f7cbe854078d1ac9338744f61a02 -> 
  custom:container-demuxer-ogg: 62fdf1f143b41e24485cea50d1cbac27 -> 
  custom:video-encoder-webm-vp8: eb34c28f22e8b96e1ab97ce403110664 -> 
  custom:video-decoder-webm-vp8: 9c59270c3fd7afecdb556c50c9e8de78 -> 
  custom:audio-decoder-ogg-vorbis: bf7c407c2cedff20999df2af8eb42d56 -> 
  custom:audio-encoder-webm-vorbis: bf7c407c2cedff20999df2af8eb42d56 -> 
========================================================================
Received Import Request.
  Time since last request: 110.271583 seconds.
  path: Assets/Resources/Star.json
  artifactKey: Guid(0e6545c8a7d5e0441a7aa4d97e0ec255) Importer(815301076,1909f56bfc062723c751e8b465ee728b)
Start importing Assets/Resources/Star.json using Guid(0e6545c8a7d5e0441a7aa4d97e0ec255) Importer(815301076,1909f56bfc062723c751e8b465ee728b)  -> (artifact id: '1f2f4da0926a74faa2893c36dcb545e9') in 0.068854 seconds 
  Import took 0.071527 seconds .

========================================================================
Received Import Request.
  Time since last request: 0.000251 seconds.
  path: Assets/Resources/Black.json
  artifactKey: Guid(79bca9070c419fd49a7ecf4daf569da3) Importer(815301076,1909f56bfc062723c751e8b465ee728b)
Start importing Assets/Resources/Black.json using Guid(79bca9070c419fd49a7ecf4daf569da3) Importer(815301076,1909f56bfc062723c751e8b465ee728b)  -> (artifact id: 'f2aaf9ff929a613a9695044f249ba30e') in 0.008337 seconds 
  Import took 0.011390 seconds .

========================================================================
Received Import Request.
  Time since last request: 49.335197 seconds.
  path: Assets/Prefab/IntroPrefab
  artifactKey: Guid(f3860b28fe0378f42b3c3208d9fa3bdc) Importer(815301076,1909f56bfc062723c751e8b465ee728b)
Start importing Assets/Prefab/IntroPrefab using Guid(f3860b28fe0378f42b3c3208d9fa3bdc) Importer(815301076,1909f56bfc062723c751e8b465ee728b)  -> (artifact id: '9f211f2dae6c05d8568ad53e814f6cbe') in 0.010765 seconds 
  Import took 0.014636 seconds .

========================================================================
Received Import Request.
  Time since last request: 1.378609 seconds.
  path: Assets/Prefab/Good.prefab
  artifactKey: Guid(2e24905b4ba96a342b2e587e73b9837b) Importer(815301076,1909f56bfc062723c751e8b465ee728b)
Start importing Assets/Prefab/Good.prefab using Guid(2e24905b4ba96a342b2e587e73b9837b) Importer(815301076,1909f56bfc062723c751e8b465ee728b)  -> (artifact id: 'fc44c186fcad177d90aa4607a0a8c3b5') in 0.072793 seconds 
  Import took 0.075749 seconds .

========================================================================
Received Import Request.
  Time since last request: 10.833251 seconds.
  path: Assets/UI pack/Button
  artifactKey: Guid(5440ba8d47ee3d8428b8d141f3434d5d) Importer(815301076,1909f56bfc062723c751e8b465ee728b)
Start importing Assets/UI pack/Button using Guid(5440ba8d47ee3d8428b8d141f3434d5d) Importer(815301076,1909f56bfc062723c751e8b465ee728b)  -> (artifact id: '29d0b23c3d82fc8b4468ca0b76aaea6d') in 0.066534 seconds 
  Import took 0.069268 seconds .

========================================================================
Received Import Request.
  Time since last request: 289.891272 seconds.
  path: Assets/VolumetricLines/Scripts
  artifactKey: Guid(efda95c08f4370f45ac08e2ee6544043) Importer(815301076,1909f56bfc062723c751e8b465ee728b)
Start importing Assets/VolumetricLines/Scripts using Guid(efda95c08f4370f45ac08e2ee6544043) Importer(815301076,1909f56bfc062723c751e8b465ee728b)  -> (artifact id: '8a219113efc9ee607884d3393387fea2') in 0.007818 seconds 
  Import took 0.010825 seconds .

========================================================================
Received Import Request.
  Time since last request: 6.785996 seconds.
  path: Assets/Song/SelectSong
  artifactKey: Guid(f79a2dcbee245754c965e179504c6734) Importer(815301076,1909f56bfc062723c751e8b465ee728b)
Start importing Assets/Song/SelectSong using Guid(f79a2dcbee245754c965e179504c6734) Importer(815301076,1909f56bfc062723c751e8b465ee728b)  -> (artifact id: '0acc42bfdee6195c8538006a9297523c') in 0.007569 seconds 
  Import took 0.010515 seconds .

========================================================================
Received Import Request.
  Time since last request: 0.737812 seconds.
  path: Assets/Song/02 - Fully Loaded Epic Win.mp3
  artifactKey: Guid(b79f85f5e1378ca41a8be84dababb815) Importer(815301076,1909f56bfc062723c751e8b465ee728b)
Start importing Assets/Song/02 - Fully Loaded Epic Win.mp3 using Guid(b79f85f5e1378ca41a8be84dababb815) Importer(815301076,1909f56bfc062723c751e8b465ee728b)  -> (artifact id: 'e3096a34cde76d311a2b63e8f7fac856') in 0.084104 seconds 
  Import took 0.086904 seconds .

========================================================================
Received Import Request.
  Time since last request: 0.789485 seconds.
  path: Assets/Song/03 Day Dreams.mp3
  artifactKey: Guid(ac2b1aa1f9d218a4ea07a4a30f99aa85) Importer(815301076,1909f56bfc062723c751e8b465ee728b)
Start importing Assets/Song/03 Day Dreams.mp3 using Guid(ac2b1aa1f9d218a4ea07a4a30f99aa85) Importer(815301076,1909f56bfc062723c751e8b465ee728b)  -> (artifact id: 'a6b7529718fb0faa8ef91657740bff6b') in 0.022408 seconds 
  Import took 0.026657 seconds .

========================================================================
Received Import Request.
  Time since last request: 0.424430 seconds.
  path: Assets/Song/A Hisa - Physical Emotion.mp3
  artifactKey: Guid(25ebf3d625ccc6a408d2142e9750efee) Importer(815301076,1909f56bfc062723c751e8b465ee728b)
Start importing Assets/Song/A Hisa - Physical Emotion.mp3 using Guid(25ebf3d625ccc6a408d2142e9750efee) Importer(815301076,1909f56bfc062723c751e8b465ee728b)  -> (artifact id: 'be38504c8adfe8bedcc241f688412b9d') in 0.016246 seconds 
  Import took 0.019273 seconds .

========================================================================
Received Import Request.
  Time since last request: 0.281251 seconds.
  path: Assets/Song/OnePiece(mp3.pm).mp3
  artifactKey: Guid(9fb37cf2cf58f764caee8f3d0ae0a6a0) Importer(815301076,1909f56bfc062723c751e8b465ee728b)
Start importing Assets/Song/OnePiece(mp3.pm).mp3 using Guid(9fb37cf2cf58f764caee8f3d0ae0a6a0) Importer(815301076,1909f56bfc062723c751e8b465ee728b)  -> (artifact id: '4430e323624c5748d4bbe6c8f85ce69a') in 0.014432 seconds 
  Import took 0.017130 seconds .

========================================================================
Received Import Request.
  Time since last request: 0.339550 seconds.
  path: Assets/Song/PromiseOfHeaven.mp3
  artifactKey: Guid(ad4ca39013a9b9c44bdc879bd7253987) Importer(815301076,1909f56bfc062723c751e8b465ee728b)
Start importing Assets/Song/PromiseOfHeaven.mp3 using Guid(ad4ca39013a9b9c44bdc879bd7253987) Importer(815301076,1909f56bfc062723c751e8b465ee728b)  -> (artifact id: '17ed340a358f7e4d26528ed207edcbec') in 0.015223 seconds 
  Import took 0.018015 seconds .

========================================================================
Received Prepare
Registering precompiled user dll's ...
Registered in 0.008931 seconds.
Begin MonoManager ReloadAssembly
Native extension for WindowsStandalone target not found
Refreshing native plugins compatible for Editor in 0.55 ms, found 2 plugins.
Preloading 0 native plugins for Editor in 0.00 ms.
Mono: successfully reloaded assembly
- Completed reload, in  0.883 seconds
Domain Reload Profiling:
	ReloadAssembly (884ms)
		BeginReloadAssembly (117ms)
			ExecutionOrderSort (0ms)
			DisableScriptedObjects (3ms)
			BackupInstance (0ms)
			ReleaseScriptingObjects (0ms)
			CreateAndSetChildDomain (25ms)
		EndReloadAssembly (703ms)
			LoadAssemblies (102ms)
			RebuildTransferFunctionScriptingTraits (0ms)
			SetupTypeCache (236ms)
			ReleaseScriptCaches (1ms)
			RebuildScriptCaches (32ms)
			SetupLoadedEditorAssemblies (262ms)
				LogAssemblyErrors (0ms)
				InitializePlatformSupportModulesInManaged (4ms)
				SetLoadedEditorAssemblies (0ms)
				RefreshPlugins (1ms)
				BeforeProcessingInitializeOnLoad (75ms)
				ProcessInitializeOnLoadAttributes (157ms)
				ProcessInitializeOnLoadMethodAttributes (9ms)
				AfterProcessingInitializeOnLoad (15ms)
				EditorAssembliesLoaded (0ms)
			ExecutionOrderSort2 (0ms)
			AwakeInstancesAfterBackupRestoration (6ms)
Platform modules already initialized, skipping
Refreshing native plugins compatible for Editor in 0.51 ms, found 2 plugins.
Preloading 0 native plugins for Editor in 0.00 ms.
Unloading 1657 Unused Serialized files (Serialized files now loaded: 0)
System memory in use before: 89.3 MB.
System memory in use after: 89.4 MB.

Unloading 14 unused Assets to reduce memory usage. Loaded Objects now: 2210.
Total: 2.563900 ms (FindLiveObjects: 0.151800 ms CreateObjectMapping: 0.038800 ms MarkObjects: 2.360100 ms  DeleteObjects: 0.011800 ms)

AssetImportParameters requested are different than current active one (requested -> active):
  custom:framework-win-MediaFoundation: 216162199b28c13a410421893ffa2e32 -> 
  custom:video-decoder-ogg-theora: a1e56fd34408186e4bbccfd4996cb3dc -> 
  custom:container-muxer-webm: aa71ff27fc2769a1b78a27578f13a17b -> 
  custom:container-demuxer-webm: 4f35f7cbe854078d1ac9338744f61a02 -> 
  custom:container-demuxer-ogg: 62fdf1f143b41e24485cea50d1cbac27 -> 
  custom:video-encoder-webm-vp8: eb34c28f22e8b96e1ab97ce403110664 -> 
  custom:video-decoder-webm-vp8: 9c59270c3fd7afecdb556c50c9e8de78 -> 
  custom:audio-decoder-ogg-vorbis: bf7c407c2cedff20999df2af8eb42d56 -> 
  custom:audio-encoder-webm-vorbis: bf7c407c2cedff20999df2af8eb42d56 -> 
========================================================================
Received Prepare
Registering precompiled user dll's ...
Registered in 0.007116 seconds.
Begin MonoManager ReloadAssembly
Native extension for WindowsStandalone target not found
Refreshing native plugins compatible for Editor in 0.54 ms, found 2 plugins.
Preloading 0 native plugins for Editor in 0.00 ms.
Mono: successfully reloaded assembly
- Completed reload, in  0.835 seconds
Domain Reload Profiling:
	ReloadAssembly (836ms)
		BeginReloadAssembly (110ms)
			ExecutionOrderSort (0ms)
			DisableScriptedObjects (4ms)
			BackupInstance (0ms)
			ReleaseScriptingObjects (0ms)
			CreateAndSetChildDomain (25ms)
		EndReloadAssembly (665ms)
			LoadAssemblies (93ms)
			RebuildTransferFunctionScriptingTraits (0ms)
			SetupTypeCache (224ms)
			ReleaseScriptCaches (1ms)
			RebuildScriptCaches (31ms)
			SetupLoadedEditorAssemblies (252ms)
				LogAssemblyErrors (0ms)
				InitializePlatformSupportModulesInManaged (4ms)
				SetLoadedEditorAssemblies (0ms)
				RefreshPlugins (1ms)
				BeforeProcessingInitializeOnLoad (71ms)
				ProcessInitializeOnLoadAttributes (156ms)
				ProcessInitializeOnLoadMethodAttributes (7ms)
				AfterProcessingInitializeOnLoad (12ms)
				EditorAssembliesLoaded (0ms)
			ExecutionOrderSort2 (0ms)
			AwakeInstancesAfterBackupRestoration (5ms)
Platform modules already initialized, skipping
Refreshing native plugins compatible for Editor in 0.49 ms, found 2 plugins.
Preloading 0 native plugins for Editor in 0.00 ms.
Unloading 1657 Unused Serialized files (Serialized files now loaded: 0)
System memory in use before: 89.3 MB.
System memory in use after: 89.4 MB.

Unloading 14 unused Assets to reduce memory usage. Loaded Objects now: 2212.
Total: 2.555400 ms (FindLiveObjects: 0.157100 ms CreateObjectMapping: 0.037800 ms MarkObjects: 2.346800 ms  DeleteObjects: 0.012500 ms)

AssetImportParameters requested are different than current active one (requested -> active):
  custom:framework-win-MediaFoundation: 216162199b28c13a410421893ffa2e32 -> 
  custom:video-decoder-ogg-theora: a1e56fd34408186e4bbccfd4996cb3dc -> 
  custom:container-muxer-webm: aa71ff27fc2769a1b78a27578f13a17b -> 
  custom:container-demuxer-webm: 4f35f7cbe854078d1ac9338744f61a02 -> 
  custom:container-demuxer-ogg: 62fdf1f143b41e24485cea50d1cbac27 -> 
  custom:video-encoder-webm-vp8: eb34c28f22e8b96e1ab97ce403110664 -> 
  custom:video-decoder-webm-vp8: 9c59270c3fd7afecdb556c50c9e8de78 -> 
  custom:audio-decoder-ogg-vorbis: bf7c407c2cedff20999df2af8eb42d56 -> 
  custom:audio-encoder-webm-vorbis: bf7c407c2cedff20999df2af8eb42d56 -> 
AssetImportWorkerClient::OnTransportError - code=2 error=End of file
