Using pre-set license
Built from '2020.3/staging' branch; Version is '2020.3.24f1 (79c78de19888) revision 7980941'; Using compiler version '192528614'; Build Type 'Release'
OS: 'Windows 10  (10.0.19042) 64bit Professional' Language: 'ko' Physical Memory: 16315 MB
BatchMode: 1, IsHumanControllingUs: 0, StartBugReporterOnCrash: 0, Is64bit: 1, IsPro: 0

COMMAND LINE ARGUMENTS:
C:\Program Files\Unity\Hub\Editor\2020.3.24f1\Editor\Unity.exe
-adb2
-batchMode
-noUpm
-name
AssetImportWorker0
-projectPath
C:/Users/CJH/OneDrive/문서/GitHub/NeonSideRain/NeonSideRain
-logFile
Logs/AssetImportWorker0.log
-srvPort
62301
Successfully changed project path to: C:/Users/CJH/OneDrive/문서/GitHub/NeonSideRain/NeonSideRain
C:/Users/CJH/OneDrive/문서/GitHub/NeonSideRain/NeonSideRain
Using Asset Import Pipeline V2.
Refreshing native plugins compatible for Editor in 66.90 ms, found 2 plugins.
Preloading 0 native plugins for Editor in 0.00 ms.
Initialize engine version: 2020.3.24f1 (79c78de19888)
[Subsystems] Discovering subsystems at path C:/Program Files/Unity/Hub/Editor/2020.3.24f1/Editor/Data/Resources/UnitySubsystems
[Subsystems] Discovering subsystems at path C:/Users/CJH/OneDrive/문서/GitHub/NeonSideRain/NeonSideRain/Assets
GfxDevice: creating device client; threaded=0
Direct3D:
    Version:  Direct3D 11.0 [level 11.1]
    Renderer: Radeon RX 5500 XT (ID=0x7340)
    Vendor:   
    VRAM:     8151 MB
    Driver:   30.0.13023.4001
Initialize mono
Mono path[0] = 'C:/Program Files/Unity/Hub/Editor/2020.3.24f1/Editor/Data/Managed'
Mono path[1] = 'C:/Program Files/Unity/Hub/Editor/2020.3.24f1/Editor/Data/MonoBleedingEdge/lib/mono/unityjit'
Mono config path = 'C:/Program Files/Unity/Hub/Editor/2020.3.24f1/Editor/Data/MonoBleedingEdge/etc'
Using monoOptions --debugger-agent=transport=dt_socket,embedding=1,server=y,suspend=n,address=127.0.0.1:56592
Begin MonoManager ReloadAssembly
Registering precompiled unity dll's ...
Register platform support module: C:/Program Files/Unity/Hub/Editor/2020.3.24f1/Editor/Data/PlaybackEngines/WindowsStandaloneSupport/UnityEditor.WindowsStandalone.Extensions.dll
Registered in 0.029951 seconds.
Native extension for WindowsStandalone target not found
Refreshing native plugins compatible for Editor in 40.84 ms, found 2 plugins.
Preloading 0 native plugins for Editor in 0.00 ms.
Mono: successfully reloaded assembly
- Completed reload, in  0.603 seconds
Domain Reload Profiling:
	ReloadAssembly (603ms)
		BeginReloadAssembly (73ms)
			ExecutionOrderSort (0ms)
			DisableScriptedObjects (0ms)
			BackupInstance (0ms)
			ReleaseScriptingObjects (0ms)
			CreateAndSetChildDomain (1ms)
		EndReloadAssembly (427ms)
			LoadAssemblies (70ms)
			RebuildTransferFunctionScriptingTraits (0ms)
			SetupTypeCache (135ms)
			ReleaseScriptCaches (0ms)
			RebuildScriptCaches (25ms)
			SetupLoadedEditorAssemblies (167ms)
				LogAssemblyErrors (0ms)
				InitializePlatformSupportModulesInManaged (4ms)
				SetLoadedEditorAssemblies (0ms)
				RefreshPlugins (41ms)
				BeforeProcessingInitializeOnLoad (29ms)
				ProcessInitializeOnLoadAttributes (70ms)
				ProcessInitializeOnLoadMethodAttributes (23ms)
				AfterProcessingInitializeOnLoad (0ms)
				EditorAssembliesLoaded (0ms)
			ExecutionOrderSort2 (0ms)
			AwakeInstancesAfterBackupRestoration (0ms)
Platform modules already initialized, skipping
Registering precompiled user dll's ...
Registered in 0.217113 seconds.
Begin MonoManager ReloadAssembly
Native extension for WindowsStandalone target not found
Refreshing native plugins compatible for Editor in 0.49 ms, found 2 plugins.
Preloading 0 native plugins for Editor in 0.00 ms.
Mono: successfully reloaded assembly
- Completed reload, in  1.535 seconds
Domain Reload Profiling:
	ReloadAssembly (1536ms)
		BeginReloadAssembly (142ms)
			ExecutionOrderSort (0ms)
			DisableScriptedObjects (4ms)
			BackupInstance (0ms)
			ReleaseScriptingObjects (0ms)
			CreateAndSetChildDomain (16ms)
		EndReloadAssembly (1333ms)
			LoadAssemblies (706ms)
			RebuildTransferFunctionScriptingTraits (0ms)
			SetupTypeCache (251ms)
			ReleaseScriptCaches (0ms)
			RebuildScriptCaches (36ms)
			SetupLoadedEditorAssemblies (275ms)
				LogAssemblyErrors (0ms)
				InitializePlatformSupportModulesInManaged (4ms)
				SetLoadedEditorAssemblies (0ms)
				RefreshPlugins (1ms)
				BeforeProcessingInitializeOnLoad (75ms)
				ProcessInitializeOnLoadAttributes (176ms)
				ProcessInitializeOnLoadMethodAttributes (8ms)
				AfterProcessingInitializeOnLoad (10ms)
				EditorAssembliesLoaded (0ms)
			ExecutionOrderSort2 (0ms)
			AwakeInstancesAfterBackupRestoration (5ms)
Platform modules already initialized, skipping
========================================================================
Worker process is ready to serve import requests
Launched and connected shader compiler UnityShaderCompiler.exe after 0.06 seconds
Refreshing native plugins compatible for Editor in 0.51 ms, found 2 plugins.
Preloading 0 native plugins for Editor in 0.00 ms.
Unloading 1716 Unused Serialized files (Serialized files now loaded: 0)
System memory in use before: 91.2 MB.
System memory in use after: 91.3 MB.

Unloading 19 unused Assets to reduce memory usage. Loaded Objects now: 2169.
Total: 3.077700 ms (FindLiveObjects: 0.177300 ms CreateObjectMapping: 0.041100 ms MarkObjects: 2.792500 ms  DeleteObjects: 0.065500 ms)

AssetImportParameters requested are different than current active one (requested -> active):
  custom:framework-win-MediaFoundation: 216162199b28c13a410421893ffa2e32 -> 
  custom:video-decoder-ogg-theora: a1e56fd34408186e4bbccfd4996cb3dc -> 
  custom:container-muxer-webm: aa71ff27fc2769a1b78a27578f13a17b -> 
  custom:container-demuxer-webm: 4f35f7cbe854078d1ac9338744f61a02 -> 
  custom:container-demuxer-ogg: 62fdf1f143b41e24485cea50d1cbac27 -> 
  custom:video-encoder-webm-vp8: eb34c28f22e8b96e1ab97ce403110664 -> 
  custom:video-decoder-webm-vp8: 9c59270c3fd7afecdb556c50c9e8de78 -> 
  custom:audio-decoder-ogg-vorbis: bf7c407c2cedff20999df2af8eb42d56 -> 
  custom:audio-encoder-webm-vorbis: bf7c407c2cedff20999df2af8eb42d56 -> 
========================================================================
Received Import Request.
  path: Assets/Game/Script/NoteButton.cs
  artifactKey: Guid(1246da9f0e9c49e488301f9aeb100cd5) Importer(815301076,1909f56bfc062723c751e8b465ee728b)
Start importing Assets/Game/Script/NoteButton.cs using Guid(1246da9f0e9c49e488301f9aeb100cd5) Importer(815301076,1909f56bfc062723c751e8b465ee728b)  -> (artifact id: 'f0ed22e784aeb4d4f4e75aea600f0bbb') in 0.034998 seconds 
  Import took 0.038164 seconds .

========================================================================
Received Import Request.
  Time since last request: 0.000252 seconds.
  path: Assets/Game/Script/Note.cs
  artifactKey: Guid(79e5cdb47f8489e40be4a1a6d694294b) Importer(815301076,1909f56bfc062723c751e8b465ee728b)
Start importing Assets/Game/Script/Note.cs using Guid(79e5cdb47f8489e40be4a1a6d694294b) Importer(815301076,1909f56bfc062723c751e8b465ee728b)  -> (artifact id: '13fab026c7cc4e2d9e01165325efe3e7') in 0.027292 seconds 
  Import took 0.029763 seconds .

========================================================================
Received Import Request.
  Time since last request: 0.000216 seconds.
  path: Assets/Game/Script/MusicManager.cs
  artifactKey: Guid(f75559f80faed03468f97929c6298079) Importer(815301076,1909f56bfc062723c751e8b465ee728b)
Start importing Assets/Game/Script/MusicManager.cs using Guid(f75559f80faed03468f97929c6298079) Importer(815301076,1909f56bfc062723c751e8b465ee728b)  -> (artifact id: '04c8ed67c12922258e14c638ab485fa5') in 0.019369 seconds 
  Import took 0.021946 seconds .

========================================================================
Received Import Request.
  Time since last request: 0.000260 seconds.
  path: Assets/Game/Script/Good.cs
  artifactKey: Guid(fedc9e6892dd3d64facbaa641434f2af) Importer(815301076,1909f56bfc062723c751e8b465ee728b)
Start importing Assets/Game/Script/Good.cs using Guid(fedc9e6892dd3d64facbaa641434f2af) Importer(815301076,1909f56bfc062723c751e8b465ee728b)  -> (artifact id: '7a29648ed2f96c387ac2009db2551d77') in 0.009016 seconds 
  Import took 0.011681 seconds .

========================================================================
Received Import Request.
  Time since last request: 0.000239 seconds.
  path: Assets/Game/Script/HpUI.cs
  artifactKey: Guid(4402c686f0ca4cd44873c230e708f921) Importer(815301076,1909f56bfc062723c751e8b465ee728b)
Start importing Assets/Game/Script/HpUI.cs using Guid(4402c686f0ca4cd44873c230e708f921) Importer(815301076,1909f56bfc062723c751e8b465ee728b)  -> (artifact id: '42811e74403151dbfabb5f641b497e9d') in 0.006909 seconds 
  Import took 0.009414 seconds .

========================================================================
Received Import Request.
  Time since last request: 0.000278 seconds.
  path: Assets/Game/Script/MenuSong.cs
  artifactKey: Guid(49fa3f513ff0c6d4fa2db1c84879676c) Importer(815301076,1909f56bfc062723c751e8b465ee728b)
Start importing Assets/Game/Script/MenuSong.cs using Guid(49fa3f513ff0c6d4fa2db1c84879676c) Importer(815301076,1909f56bfc062723c751e8b465ee728b)  -> (artifact id: 'a8b440956c3ee4e5bcebd077f83788c8') in 0.006173 seconds 
  Import took 0.008875 seconds .

========================================================================
Received Import Request.
  Time since last request: 0.000222 seconds.
  path: Assets/Game/Script/Fade.cs
  artifactKey: Guid(77acea4c71572844f82e687b26807ddc) Importer(815301076,1909f56bfc062723c751e8b465ee728b)
Start importing Assets/Game/Script/Fade.cs using Guid(77acea4c71572844f82e687b26807ddc) Importer(815301076,1909f56bfc062723c751e8b465ee728b)  -> (artifact id: 'e574081f27e075c23408da192bd06aa7') in 0.006105 seconds 
  Import took 0.008982 seconds .

========================================================================
Received Import Request.
  Time since last request: 0.000241 seconds.
  path: Assets/Game/Script/NoteManager.cs
  artifactKey: Guid(784a44c3aac4bc14585f0d6ab4ee0354) Importer(815301076,1909f56bfc062723c751e8b465ee728b)
Start importing Assets/Game/Script/NoteManager.cs using Guid(784a44c3aac4bc14585f0d6ab4ee0354) Importer(815301076,1909f56bfc062723c751e8b465ee728b)  -> (artifact id: '07d5a39b236a7d079e580b3b0e036abe') in 0.005762 seconds 
  Import took 0.008436 seconds .

========================================================================
Received Import Request.
  Time since last request: 0.000190 seconds.
  path: Assets/Game/Script/NoteTool.cs
  artifactKey: Guid(cee184ba467f7954b8fefd38c84298e2) Importer(815301076,1909f56bfc062723c751e8b465ee728b)
Start importing Assets/Game/Script/NoteTool.cs using Guid(cee184ba467f7954b8fefd38c84298e2) Importer(815301076,1909f56bfc062723c751e8b465ee728b)  -> (artifact id: 'de49f7c0defe2e9fbc6b920a2776f07e') in 0.006481 seconds 
  Import took 0.009131 seconds .

========================================================================
Received Import Request.
  Time since last request: 0.000204 seconds.
  path: Assets/Game/Script/ComboUI.cs
  artifactKey: Guid(29c538f6a9bff574781ceaf77aa652b4) Importer(815301076,1909f56bfc062723c751e8b465ee728b)
Start importing Assets/Game/Script/ComboUI.cs using Guid(29c538f6a9bff574781ceaf77aa652b4) Importer(815301076,1909f56bfc062723c751e8b465ee728b)  -> (artifact id: '9417e0550e94c8b2012592c15335782d') in 0.005885 seconds 
  Import took 0.008361 seconds .

========================================================================
Received Import Request.
  Time since last request: 0.000203 seconds.
  path: Assets/Game/Script/EndScore.cs
  artifactKey: Guid(4e0751644c9d7c242bf00a246ed48af6) Importer(815301076,1909f56bfc062723c751e8b465ee728b)
Start importing Assets/Game/Script/EndScore.cs using Guid(4e0751644c9d7c242bf00a246ed48af6) Importer(815301076,1909f56bfc062723c751e8b465ee728b)  -> (artifact id: 'cabcae9b253418eebd2615be97ee6fce') in 0.008822 seconds 
  Import took 0.012555 seconds .

========================================================================
Received Import Request.
  Time since last request: 0.000442 seconds.
  path: Assets/Game/Script
  artifactKey: Guid(84acbe18a7681444dbd922277cc303af) Importer(815301076,1909f56bfc062723c751e8b465ee728b)
Start importing Assets/Game/Script using Guid(84acbe18a7681444dbd922277cc303af) Importer(815301076,1909f56bfc062723c751e8b465ee728b)  -> (artifact id: '3032b6ae9b7d7d3b2335955b5d96244b') in 0.012775 seconds 
  Import took 0.016497 seconds .

========================================================================
Received Import Request.
  Time since last request: 0.000282 seconds.
  path: Assets/Game/Script/NoteActive.cs
  artifactKey: Guid(9a1f921e1148c5543a9f960ab4666b33) Importer(815301076,1909f56bfc062723c751e8b465ee728b)
Start importing Assets/Game/Script/NoteActive.cs using Guid(9a1f921e1148c5543a9f960ab4666b33) Importer(815301076,1909f56bfc062723c751e8b465ee728b)  -> (artifact id: 'c239c5beaf8c443ad5b4a686310edc52') in 0.009405 seconds 
  Import took 0.014218 seconds .

========================================================================
Received Import Request.
  Time since last request: 0.002013 seconds.
  path: Assets/Game/Script/MusicOption.cs
  artifactKey: Guid(580809a99e157fc4baab9faf006b276b) Importer(815301076,1909f56bfc062723c751e8b465ee728b)
Start importing Assets/Game/Script/MusicOption.cs using Guid(580809a99e157fc4baab9faf006b276b) Importer(815301076,1909f56bfc062723c751e8b465ee728b)  -> (artifact id: '9d0947cfb0141b68324d0b13c8981fb1') in 0.012512 seconds 
  Import took 0.016402 seconds .

========================================================================
Received Import Request.
  Time since last request: 0.000230 seconds.
  path: Assets/Game
  artifactKey: Guid(d79ccba4188505547b7e0ef8d49ac345) Importer(815301076,1909f56bfc062723c751e8b465ee728b)
Start importing Assets/Game using Guid(d79ccba4188505547b7e0ef8d49ac345) Importer(815301076,1909f56bfc062723c751e8b465ee728b)  -> (artifact id: '6a6a52dcd2dd06b6b3a907baec5e3f7c') in 0.006047 seconds 
  Import took 0.008774 seconds .

========================================================================
Received Import Request.
  Time since last request: 0.000226 seconds.
  path: Assets/Game/Script/MountainRoop.cs
  artifactKey: Guid(260930c23d166534a9288848887dc15c) Importer(815301076,1909f56bfc062723c751e8b465ee728b)
Start importing Assets/Game/Script/MountainRoop.cs using Guid(260930c23d166534a9288848887dc15c) Importer(815301076,1909f56bfc062723c751e8b465ee728b)  -> (artifact id: 'd22bb7f8aaa4309910a88d063cc69881') in 0.006171 seconds 
  Import took 0.008871 seconds .

========================================================================
Received Import Request.
  Time since last request: 0.000238 seconds.
  path: Assets/Game/Script/LightMove.cs
  artifactKey: Guid(20055be14d392f347923a1f8d2a13d0f) Importer(815301076,1909f56bfc062723c751e8b465ee728b)
Start importing Assets/Game/Script/LightMove.cs using Guid(20055be14d392f347923a1f8d2a13d0f) Importer(815301076,1909f56bfc062723c751e8b465ee728b)  -> (artifact id: '9d997c9793ad934db2d9e2d5bfab783e') in 0.006212 seconds 
  Import took 0.008643 seconds .

========================================================================
Received Import Request.
  Time since last request: 52.485087 seconds.
  path: Assets/Game/Scene
  artifactKey: Guid(03d1deef86459b34ba17b67bdf92d2c4) Importer(815301076,1909f56bfc062723c751e8b465ee728b)
Start importing Assets/Game/Scene using Guid(03d1deef86459b34ba17b67bdf92d2c4) Importer(815301076,1909f56bfc062723c751e8b465ee728b)  -> (artifact id: '95da2d4bf6f95ea7db1dfc44023d971f') in 0.023723 seconds 
  Import took 0.026750 seconds .

AssetImportWorkerClient::OnTransportError - code=2 error=End of file
